<?xml version="1.0" encoding="UTF-8"?>
<robot generator="Robot 7.0 (Python 3.12.3 on win32)" generated="2024-06-21T22:10:35.960416" rpa="false" schemaversion="5">
<suite id="s1" name="criarTokenMelhorado" source="C:\Users\Luluanjo2\Documents\Curso_Robot_API_Qaz\criarTokenMelhorado.robot">
<test id="s1-t1" name="Cenario 1 - Capturar o Token" line="31">
<kw name="Acessar os dados obrigatórios">
<kw name="Create Dictionary" owner="BuiltIn">
<msg time="2024-06-21T22:10:36.375998" level="INFO">${data} = {'username': 'admin', 'password': 'password123'}</msg>
<var>${data}</var>
<arg>username=admin</arg>
<arg>password=password123</arg>
<doc>Creates and returns a dictionary based on the given ``items``.</doc>
<status status="PASS" start="2024-06-21T22:10:36.375998" elapsed="0.000000"/>
</kw>
<kw name="Set Test Variable" owner="BuiltIn">
<msg time="2024-06-21T22:10:36.375998" level="INFO">${data} = {'username': 'admin', 'password': 'password123'}</msg>
<arg>${data}</arg>
<doc>Makes a variable available everywhere within the scope of the current test.</doc>
<status status="PASS" start="2024-06-21T22:10:36.375998" elapsed="0.000000"/>
</kw>
<status status="PASS" start="2024-06-21T22:10:36.375998" elapsed="0.000000"/>
</kw>
<kw name="Enviando a solicitaçao POST">
<kw name="POST" owner="RequestsLibrary">
<msg time="2024-06-21T22:10:37.079229" level="INFO">POST Request : url=https://restful-booker.herokuapp.com/auth 
 path_url=/auth 
 headers={'User-Agent': 'python-requests/2.32.3', 'Accept-Encoding': 'gzip, deflate', 'Accept': '*/*', 'Connection': 'keep-alive', 'Content-Length': '48', 'Content-Type': 'application/json'} 
 body=b'{"username": "admin", "password": "password123"}' 
 </msg>
<msg time="2024-06-21T22:10:37.079229" level="INFO">POST Response : url=https://restful-booker.herokuapp.com/auth 
 status=200, reason=OK 
 headers={'Server': 'Cowboy', 'Report-To': '{"group":"heroku-nel","max_age":3600,"endpoints":[{"url":"https://nel.heroku.com/reports?ts=1719018638&amp;sid=c46efe9b-d3d2-4a0c-8c76-bfafa16c5add&amp;s=mwwf6c%2FuSXlmMG8bkLYLfpYpinCU6B2OvvoE4xW2bdA%3D"}]}', 'Reporting-Endpoints': 'heroku-nel=https://nel.heroku.com/reports?ts=1719018638&amp;sid=c46efe9b-d3d2-4a0c-8c76-bfafa16c5add&amp;s=mwwf6c%2FuSXlmMG8bkLYLfpYpinCU6B2OvvoE4xW2bdA%3D', 'Nel': '{"report_to":"heroku-nel","max_age":3600,"success_fraction":0.005,"failure_fraction":0.05,"response_headers":["Via"]}', 'Connection': 'keep-alive', 'X-Powered-By': 'Express', 'Content-Type': 'application/json; charset=utf-8', 'Content-Length': '27', 'Etag': 'W/"1b-XpakUs2NHExu59oL11YIjBrPaOI"', 'Date': 'Sat, 22 Jun 2024 01:10:38 GMT', 'Via': '1.1 vegur'} 
 body={"token":"fc01a1bf17204e2"} 
 </msg>
<msg time="2024-06-21T22:10:37.079229" level="INFO">${response} = &lt;Response [200]&gt;</msg>
<var>${response}</var>
<arg>${BASE_URL}/auth</arg>
<arg>json=${data}</arg>
<doc>Sends a POST request.</doc>
<status status="PASS" start="2024-06-21T22:10:36.375998" elapsed="0.703231"/>
</kw>
<kw name="Should Be True" owner="BuiltIn">
<arg>${response.ok}</arg>
<doc>Fails if the given condition is not true.</doc>
<status status="PASS" start="2024-06-21T22:10:37.079229" elapsed="0.015422"/>
</kw>
<kw name="Should Be Equal As Numbers" owner="BuiltIn">
<msg time="2024-06-21T22:10:37.094651" level="INFO">Argument types are:
&lt;class 'int'&gt;
&lt;class 'str'&gt;</msg>
<arg>${response.status_code}</arg>
<arg>200</arg>
<doc>Fails if objects are unequal after converting them to real numbers.</doc>
<status status="PASS" start="2024-06-21T22:10:37.094651" elapsed="0.000000"/>
</kw>
<kw name="Set Test Variable" owner="BuiltIn">
<msg time="2024-06-21T22:10:37.094651" level="INFO">${response} = &lt;Response [200]&gt;</msg>
<arg>${response}</arg>
<doc>Makes a variable available everywhere within the scope of the current test.</doc>
<status status="PASS" start="2024-06-21T22:10:37.094651" elapsed="0.000000"/>
</kw>
<status status="PASS" start="2024-06-21T22:10:36.375998" elapsed="0.718653"/>
</kw>
<kw name="Validando os valores retornados e formatando para json">
<kw name="Set Variable" owner="BuiltIn">
<msg time="2024-06-21T22:10:37.094651" level="INFO">${data_response} = {'token': 'fc01a1bf17204e2'}</msg>
<var>${data_response}</var>
<arg>${response.json()}</arg>
<doc>Returns the given values which can then be assigned to a variables.</doc>
<status status="PASS" start="2024-06-21T22:10:37.094651" elapsed="0.000000"/>
</kw>
<kw name="Log Dictionary" owner="Collections">
<msg time="2024-06-21T22:10:37.094651" level="INFO">Dictionary has one item:
token: fc01a1bf17204e2</msg>
<arg>${data_response}</arg>
<doc>Logs the size and contents of the ``dictionary`` using given ``level``.</doc>
<status status="PASS" start="2024-06-21T22:10:37.094651" elapsed="0.000000"/>
</kw>
<kw name="Set Test Variable" owner="BuiltIn">
<msg time="2024-06-21T22:10:37.094651" level="INFO">${data_response} = {'token': 'fc01a1bf17204e2'}</msg>
<arg>${data_response}</arg>
<doc>Makes a variable available everywhere within the scope of the current test.</doc>
<status status="PASS" start="2024-06-21T22:10:37.094651" elapsed="0.000000"/>
</kw>
<status status="PASS" start="2024-06-21T22:10:37.094651" elapsed="0.000000"/>
</kw>
<kw name="Capturando o token gerado">
<kw name="Get From Dictionary" owner="Collections">
<msg time="2024-06-21T22:10:37.094651" level="INFO">${token} = fc01a1bf17204e2</msg>
<var>${token}</var>
<arg>${data_response}</arg>
<arg>token</arg>
<doc>Returns a value from the given ``dictionary`` based on the given ``key``.</doc>
<status status="PASS" start="2024-06-21T22:10:37.094651" elapsed="0.000000"/>
</kw>
<kw name="Log" owner="BuiltIn">
<msg time="2024-06-21T22:10:37.102841" level="INFO">Seu token é: fc01a1bf17204e2</msg>
<arg>Seu token é: ${token}</arg>
<doc>Logs the given message with the given level.</doc>
<status status="PASS" start="2024-06-21T22:10:37.094651" elapsed="0.008190"/>
</kw>
<status status="PASS" start="2024-06-21T22:10:37.094651" elapsed="0.008190"/>
</kw>
<status status="PASS" start="2024-06-21T22:10:36.375998" elapsed="0.726843"/>
</test>
<status status="PASS" start="2024-06-21T22:10:35.960416" elapsed="1.142425"/>
</suite>
<statistics>
<total>
<stat pass="1" fail="0" skip="0">All Tests</stat>
</total>
<tag>
</tag>
<suite>
<stat pass="1" fail="0" skip="0" id="s1" name="criarTokenMelhorado">criarTokenMelhorado</stat>
</suite>
</statistics>
<errors>
</errors>
</robot>
