<?xml version="1.0" encoding="UTF-8"?>
<robot generator="Robot 7.0 (Python 3.12.3 on win32)" generated="2024-06-19T16:57:49.122432" rpa="false" schemaversion="5">
<suite id="s1" name="getPorIDMelhorado" source="C:\Users\Luluanjo2\Documents\Curso_Robot_API_Qaz\getPorIDMelhorado.robot">
<test id="s1-t1" name="Cenario 1: Validando todos os campos" line="46">
<kw name=" Consultando as reservas que foi cadastrada do zero">
<kw name="GET" owner="RequestsLibrary">
<msg time="2024-06-19T16:57:50.252990" level="INFO">GET Request : url=https://restful-booker.herokuapp.com/booking/756 
 path_url=/booking/756 
 headers={'User-Agent': 'python-requests/2.32.3', 'Accept-Encoding': 'gzip, deflate', 'Accept': '*/*', 'Connection': 'keep-alive'} 
 body=None 
 </msg>
<msg time="2024-06-19T16:57:50.252990" level="INFO">GET Response : url=https://restful-booker.herokuapp.com/booking/756 
 status=200, reason=OK 
 headers={'Server': 'Cowboy', 'Report-To': '{"group":"heroku-nel","max_age":3600,"endpoints":[{"url":"https://nel.heroku.com/reports?ts=1718827071&amp;sid=c46efe9b-d3d2-4a0c-8c76-bfafa16c5add&amp;s=oCCffYXeh3k5FOCVdaWv%2F03R8qsDaAlzfuSRVZG7ZyM%3D"}]}', 'Reporting-Endpoints': 'heroku-nel=https://nel.heroku.com/reports?ts=1718827071&amp;sid=c46efe9b-d3d2-4a0c-8c76-bfafa16c5add&amp;s=oCCffYXeh3k5FOCVdaWv%2F03R8qsDaAlzfuSRVZG7ZyM%3D', 'Nel': '{"report_to":"heroku-nel","max_age":3600,"success_fraction":0.005,"failure_fraction":0.05,"response_headers":["Via"]}', 'Connection': 'keep-alive', 'X-Powered-By': 'Express', 'Content-Type': 'application/json; charset=utf-8', 'Content-Length': '171', 'Etag': 'W/"ab-MG4aCOdqq15ogV4Uqb+rfjZOkQk"', 'Date': 'Wed, 19 Jun 2024 19:57:51 GMT', 'Via': '1.1 vegur'} 
 body={"firstname":"Josh","lastname":"Allen","totalprice":111,"depositpaid":true,"bookingdates":{"checkin":"2018-01-01","checkout":"2019-01-01"},"additionalneeds":"super bowls"} 
 </msg>
<msg time="2024-06-19T16:57:50.252990" level="INFO">${response} = &lt;Response [200]&gt;</msg>
<var>${response}</var>
<arg>https://restful-booker.herokuapp.com/booking/756</arg>
<doc>Sends a GET request.</doc>
<status status="PASS" start="2024-06-19T16:57:49.548847" elapsed="0.704143"/>
</kw>
<kw name="Log" owner="BuiltIn">
<msg time="2024-06-19T16:57:50.253990" level="INFO">{"firstname":"Josh","lastname":"Allen","totalprice":111,"depositpaid":true,"bookingdates":{"checkin":"2018-01-01","checkout":"2019-01-01"},"additionalneeds":"super bowls"}</msg>
<arg>${response.text}</arg>
<doc>Logs the given message with the given level.</doc>
<status status="PASS" start="2024-06-19T16:57:50.252990" elapsed="0.001000"/>
</kw>
<kw name="Set Global Variable" owner="BuiltIn">
<msg time="2024-06-19T16:57:50.253990" level="INFO">${response} = &lt;Response [200]&gt;</msg>
<arg>${response}</arg>
<arg>${response}</arg>
<doc>Makes a variable available globally in all tests and suites.</doc>
<status status="PASS" start="2024-06-19T16:57:50.253990" elapsed="0.000000"/>
</kw>
<status status="PASS" start="2024-06-19T16:57:49.548847" elapsed="0.705143"/>
</kw>
<kw name=" Verificando o campo Nome">
<kw name="Get Variable Value" owner="BuiltIn">
<msg time="2024-06-19T16:57:50.254991" level="INFO">${response} = &lt;Response [200]&gt;</msg>
<var>${response}</var>
<arg>${response}</arg>
<doc>Returns variable value or ``default`` if the variable does not exist.</doc>
<status status="PASS" start="2024-06-19T16:57:50.254991" elapsed="0.000000"/>
</kw>
<kw name="Get From Dictionary" owner="Collections">
<msg time="2024-06-19T16:57:50.255992" level="INFO">${primeiroNome} = Josh</msg>
<var>${primeiroNome}</var>
<arg>${response.json()}</arg>
<arg>firstname</arg>
<doc>Returns a value from the given ``dictionary`` based on the given ``key``.</doc>
<status status="PASS" start="2024-06-19T16:57:50.254991" elapsed="0.001001"/>
</kw>
<kw name="Should Be Equal As Strings" owner="BuiltIn">
<arg>${primeiroNome}</arg>
<arg>Josh</arg>
<doc>Fails if objects are unequal after converting them to strings.</doc>
<status status="PASS" start="2024-06-19T16:57:50.255992" elapsed="0.000000"/>
</kw>
<status status="PASS" start="2024-06-19T16:57:50.254991" elapsed="0.001001"/>
</kw>
<kw name=" Verificando o campo último nome">
<kw name="Get Variable Value" owner="BuiltIn">
<msg time="2024-06-19T16:57:50.256993" level="INFO">${response} = &lt;Response [200]&gt;</msg>
<var>${response}</var>
<arg>${response}</arg>
<doc>Returns variable value or ``default`` if the variable does not exist.</doc>
<status status="PASS" start="2024-06-19T16:57:50.256993" elapsed="0.000000"/>
</kw>
<kw name="Get From Dictionary" owner="Collections">
<msg time="2024-06-19T16:57:50.257992" level="INFO">${ultimoNome} = Allen</msg>
<var>${ultimoNome}</var>
<arg>${response.json()}</arg>
<arg>lastname</arg>
<doc>Returns a value from the given ``dictionary`` based on the given ``key``.</doc>
<status status="PASS" start="2024-06-19T16:57:50.256993" elapsed="0.000999"/>
</kw>
<kw name="Should Be Equal As Strings" owner="BuiltIn">
<arg>${ultimoNome}</arg>
<arg>Allen</arg>
<doc>Fails if objects are unequal after converting them to strings.</doc>
<status status="PASS" start="2024-06-19T16:57:50.257992" elapsed="0.000000"/>
</kw>
<status status="PASS" start="2024-06-19T16:57:50.256993" elapsed="0.000999"/>
</kw>
<kw name=" Verificando o campo totalprice">
<kw name="Get Variable Value" owner="BuiltIn">
<msg time="2024-06-19T16:57:50.258993" level="INFO">${response} = &lt;Response [200]&gt;</msg>
<var>${response}</var>
<arg>${response}</arg>
<doc>Returns variable value or ``default`` if the variable does not exist.</doc>
<status status="PASS" start="2024-06-19T16:57:50.258993" elapsed="0.000000"/>
</kw>
<kw name="Set Variable" owner="BuiltIn">
<msg time="2024-06-19T16:57:50.258993" level="INFO">${expected_price} = 111</msg>
<var>${expected_price}</var>
<arg>111</arg>
<doc>Returns the given values which can then be assigned to a variables.</doc>
<status status="PASS" start="2024-06-19T16:57:50.258993" elapsed="0.000000"/>
</kw>
<kw name="Get From Dictionary" owner="Collections">
<msg time="2024-06-19T16:57:50.259993" level="INFO">${totalpriceNova} = 111</msg>
<var>${totalpriceNova}</var>
<arg>${response.json()}</arg>
<arg>totalprice</arg>
<doc>Returns a value from the given ``dictionary`` based on the given ``key``.</doc>
<status status="PASS" start="2024-06-19T16:57:50.258993" elapsed="0.001000"/>
</kw>
<kw name="Convert To String" owner="BuiltIn">
<msg time="2024-06-19T16:57:50.259993" level="INFO">${totalprice_str} = 111</msg>
<var>${totalprice_str}</var>
<arg>${totalpriceNova}</arg>
<doc>Converts the given item to a Unicode string.</doc>
<status status="PASS" start="2024-06-19T16:57:50.259993" elapsed="0.000000"/>
</kw>
<kw name="Convert To String" owner="BuiltIn">
<msg time="2024-06-19T16:57:50.259993" level="INFO">${expected_price_str} = 111</msg>
<var>${expected_price_str}</var>
<arg>${expected_price}</arg>
<doc>Converts the given item to a Unicode string.</doc>
<status status="PASS" start="2024-06-19T16:57:50.259993" elapsed="0.000000"/>
</kw>
<kw name="Should Be Equal" owner="BuiltIn">
<arg>${totalprice_str}</arg>
<arg>${expected_price_str}</arg>
<doc>Fails if the given objects are unequal.</doc>
<status status="PASS" start="2024-06-19T16:57:50.259993" elapsed="0.000000"/>
</kw>
<status status="PASS" start="2024-06-19T16:57:50.258993" elapsed="0.001000"/>
</kw>
<kw name=" Verificando o campo depositpaid">
<kw name="Get Variable Value" owner="BuiltIn">
<msg time="2024-06-19T16:57:50.260992" level="INFO">${response} = &lt;Response [200]&gt;</msg>
<var>${response}</var>
<arg>${response}</arg>
<doc>Returns variable value or ``default`` if the variable does not exist.</doc>
<status status="PASS" start="2024-06-19T16:57:50.260992" elapsed="0.000000"/>
</kw>
<kw name="Get From Dictionary" owner="Collections">
<msg time="2024-06-19T16:57:50.260992" level="INFO">${depositpaid} = True</msg>
<var>${depositpaid}</var>
<arg>${response.json()}</arg>
<arg>depositpaid</arg>
<doc>Returns a value from the given ``dictionary`` based on the given ``key``.</doc>
<status status="PASS" start="2024-06-19T16:57:50.260992" elapsed="0.000000"/>
</kw>
<kw name="Should Be True" owner="BuiltIn">
<arg>${depositpaid}</arg>
<doc>Fails if the given condition is not true.</doc>
<status status="PASS" start="2024-06-19T16:57:50.261991" elapsed="0.000000"/>
</kw>
<status status="PASS" start="2024-06-19T16:57:50.260992" elapsed="0.000999"/>
</kw>
<kw name=" Verificando o campo additionalneeds">
<kw name="Get Variable Value" owner="BuiltIn">
<msg time="2024-06-19T16:57:50.261991" level="INFO">${response} = &lt;Response [200]&gt;</msg>
<var>${response}</var>
<arg>${response}</arg>
<doc>Returns variable value or ``default`` if the variable does not exist.</doc>
<status status="PASS" start="2024-06-19T16:57:50.261991" elapsed="0.000000"/>
</kw>
<kw name="Get From Dictionary" owner="Collections">
<msg time="2024-06-19T16:57:50.262992" level="INFO">${adicaoNecessaria} = super bowls</msg>
<var>${adicaoNecessaria}</var>
<arg>${response.json()}</arg>
<arg>additionalneeds</arg>
<doc>Returns a value from the given ``dictionary`` based on the given ``key``.</doc>
<status status="PASS" start="2024-06-19T16:57:50.261991" elapsed="0.001001"/>
</kw>
<kw name="Should Be Equal As Strings" owner="BuiltIn">
<arg>${adicaoNecessaria}</arg>
<arg>super bowls</arg>
<doc>Fails if objects are unequal after converting them to strings.</doc>
<status status="PASS" start="2024-06-19T16:57:50.262992" elapsed="0.000000"/>
</kw>
<status status="PASS" start="2024-06-19T16:57:50.261991" elapsed="0.001001"/>
</kw>
<status status="PASS" start="2024-06-19T16:57:49.532754" elapsed="0.730238"/>
</test>
<status status="PASS" start="2024-06-19T16:57:49.122432" elapsed="1.142561"/>
</suite>
<statistics>
<total>
<stat pass="1" fail="0" skip="0">All Tests</stat>
</total>
<tag>
</tag>
<suite>
<stat pass="1" fail="0" skip="0" id="s1" name="getPorIDMelhorado">getPorIDMelhorado</stat>
</suite>
</statistics>
<errors>
</errors>
</robot>
