<?xml version="1.0" encoding="UTF-8"?>
<robot generator="Robot 7.0 (Python 3.12.3 on win32)" generated="2024-06-14T19:47:03.364410" rpa="false" schemaversion="5">
<suite id="s1" name="Basico" source="C:\Users\Luluanjo2\Documents\Curso_Robot_API_Qaz\basico.robot">
<test id="s1-t1" name="Consultando as reservas cadastradas com status 200" line="5">
<kw name="GET" owner="RequestsLibrary">
<msg time="2024-06-14T19:47:04.714020" level="INFO">GET Request : url=https://restful-booker.herokuapp.com/booking 
 path_url=/booking 
 headers={'User-Agent': 'python-requests/2.32.3', 'Accept-Encoding': 'gzip, deflate', 'Accept': '*/*', 'Connection': 'keep-alive'} 
 body=None 
 </msg>
<msg time="2024-06-14T19:47:04.714020" level="INFO">GET Response : url=https://restful-booker.herokuapp.com/booking 
 status=200, reason=OK 
 headers={'Server': 'Cowboy', 'Report-To': '{"group":"heroku-nel","max_age":3600,"endpoints":[{"url":"https://nel.heroku.com/reports?ts=1718405224&amp;sid=c46efe9b-d3d2-4a0c-8c76-bfafa16c5add&amp;s=B29KWtoDcARkU%2Bm5VF8daXQzq%2BsRca4lJkOKeTW2ULs%3D"}]}', 'Reporting-Endpoints': 'heroku-nel=https://nel.heroku.com/reports?ts=1718405224&amp;sid=c46efe9b-d3d2-4a0c-8c76-bfafa16c5add&amp;s=B29KWtoDcARkU%2Bm5VF8daXQzq%2BsRca4lJkOKeTW2ULs%3D', 'Nel': '{"report_to":"heroku-nel","max_age":3600,"success_fraction":0.005,"failure_fraction":0.05,"response_headers":["Via"]}', 'Connection': 'keep-alive', 'X-Powered-By': 'Express', 'Content-Type': 'application/json; charset=utf-8', 'Content-Length': '34957', 'Etag': 'W/"888d-cjHFAQ9xK7t7YWHEJna38eirwas"', 'Date': 'Fri, 14 Jun 2024 22:47:04 GMT', 'Via': '1.1 vegur'} 
 body=[{"bookingid":16},{"bookingid":1806},{"bookingid":494},{"bookingid":20},{"bookingid":2685},{"bookingid":278},{"bookingid":1511},{"bookingid":2359},{"bookingid":305},{"bookingid":906},{"bookingid":1226},{"bookingid":1545},{"bookingid":186},{"bookingid":2460},{"bookingid":2375},{"bookingid":620},{"bookingid":513},{"bookingid":80},{"bookingid":2524},{"bookingid":413},{"bookingid":141},{"bookingid":252},{"bookingid":1852},{"bookingid":115},{"bookingid":1578},{"bookingid":651},{"bookingid":2314},{"bookingid":1515},{"bookingid":1579},{"bookingid":156},{"bookingid":2108},{"bookingid":470},{"bookingid":1527},{"bookingid":1939},{"bookingid":2391},{"bookingid":38},{"bookingid":2467},{"bookingid":1275},{"bookingid":1433},{"bookingid":1141},{"bookingid":2197},{"bookingid":2486},{"bookingid":1030},{"bookingid":1044},{"bookingid":1958},{"bookingid":2718},{"bookingid":2421},{"bookingid":1969},{"bookingid":708},{"bookingid":1024},{"bookingid":731},{"bookingid":1560},{"bookingid":1273},{"bookingid":632},{"bookingid":308},{"bookingid":499},{"bookingid":1289},{"bookingid":2473},{"bookingid":2303},{"bookingid":2230},{"bookingid":776},{"bookingid":598},{"bookingid":1680},{"bookingid":2346},{"bookingid":357},{"bookingid":770},{"bookingid":1765},{"bookingid":1933},{"bookingid":1350},{"bookingid":96},{"bookingid":2517},{"bookingid":259},{"bookingid":715},{"bookingid":2047},{"bookingid":868},{"bookingid":2560},{"bookingid":440},{"bookingid":2259},{"bookingid":2379},{"bookingid":1998},{"bookingid":1834},{"bookingid":268},{"bookingid":2037},{"bookingid":279},{"bookingid":1659},{"bookingid":1175},{"bookingid":1816},{"bookingid":994},{"bookingid":1276},{"bookingid":2151},{"bookingid":2249},{"bookingid":1550},{"bookingid":2167},{"bookingid":1960},{"bookingid":1261},{"bookingid":1531},{"bookingid":328},{"bookingid":893},{"bookingid":894},{"bookingid":1907},{"bookingid":535},{"bookingid":814},{"bookingid":1248},{"bookingid":775},{"bookingid":56},{"bookingid":1329},{"bookingid":2572},{"bookingid":273},{"bookingid":1349},{"bookingid":260},{"bookingid":2146},{"bookingid":1922},{"bookingid":1366},{"bookingid":2345},{"bookingid":1353},{"bookingid":644},{"bookingid":1708},{"bookingid":489},{"bookingid":336},{"bookingid":24},{"bookingid":2511},{"bookingid":1587},{"bookingid":842},{"bookingid":420},{"bookingid":2287},{"bookingid":2722},{"bookingid":646},{"bookingid":852},{"bookingid":2662},{"bookingid":534},{"bookingid":1038},{"bookingid":2682},{"bookingid":1296},{"bookingid":39},{"bookingid":10},{"bookingid":801},{"bookingid":412},{"bookingid":178},{"bookingid":986},{"bookingid":1192},{"bookingid":2199},{"bookingid":873},{"bookingid":1268},{"bookingid":2255},{"bookingid":1769},{"bookingid":2065},{"bookingid":1501},{"bookingid":1313},{"bookingid":428},{"bookingid":720},{"bookingid":1088},{"bookingid":2007},{"bookingid":2203},{"bookingid":573},{"bookingid":1559},{"bookingid":1822},{"bookingid":1221},{"bookingid":919},{"bookingid":1183},{"bookingid":25},{"bookingid":1427},{"bookingid":1266},{"bookingid":1187},{"bookingid":2269},{"bookingid":42},{"bookingid":109},{"bookingid":2226},{"bookingid":2628},{"bookingid":1014},{"bookingid":626},{"bookingid":1077},{"bookingid":1726},{"bookingid":79},{"bookingid":41},{"bookingid":521},{"bookingid":231},{"bookingid":743},{"bookingid":575},{"bookingid":1570},{"bookingid":1535},{"bookingid":1251},{"bookingid":762},{"bookingid":985},{"bookingid":838},{"bookingid":2468},{"bookingid":2349},{"bookingid":253},{"bookingid":1637},{"bookingid":1167},{"bookingid":547},{"bookingid":1381},{"bookingid":1490},{"bookingid":1704},{"bookingid":2583},{"bookingid":1700},{"bookingid":543},{"bookingid":1657},{"bookingid":304},{"bookingid":2000},{"bookingid":1103},{"bookingid":936},{"bookingid":435},{"bookingid":2339},{"bookingid":509},{"bookingid":1298},{"bookingid":605},{"bookingid":530},{"bookingid":1996},{"bookingid":233},{"bookingid":2519},{"bookingid":1920},{"bookingid":2514},{"bookingid":683},{"bookingid":120},{"bookingid":978},{"bookingid":2240},{"bookingid":1237},{"bookingid":1120},{"bookingid":1493},{"bookingid":2474},{"bookingid":1948},{"bookingid":2442},{"bookingid":1036},{"bookingid":1080},{"bookingid":554},{"bookingid":1621},{"bookingid":1390},{"bookingid":746},{"bookingid":1512},{"bookingid":62},{"bookingid":1539},{"bookingid":197},{"bookingid":1354},{"bookingid":2265},{"bookingid":1607},{"bookingid":1421},{"bookingid":2656},{"bookingid":773},{"bookingid":2017},{"bookingid":179},{"bookingid":2699},{"bookingid":2434},{"bookingid":291},{"bookingid":1174},{"bookingid":1070},{"bookingid":91},{"bookingid":1235},{"bookingid":1281},{"bookingid":95},{"bookingid":2070},{"bookingid":447},{"bookingid":2378},{"bookingid":2706},{"bookingid":716},{"bookingid":309},{"bookingid":1057},{"bookingid":125},{"bookingid":146},{"bookingid":83},{"bookingid":473},{"bookingid":1407},{"bookingid":546},{"bookingid":2632},{"bookingid":1063},{"bookingid":689},{"bookingid":2290},{"bookingid":1856},{"bookingid":1021},{"bookingid":2005},{"bookingid":1247},{"bookingid":2232},{"bookingid":2288},{"bookingid":1664},{"bookingid":1252},{"bookingid":2721},{"bookingid":1355},{"bookingid":246},{"bookingid":2131},{"bookingid":1277},{"bookingid":191},{"bookingid":1481},{"bookingid":1668},{"bookingid":1411},{"bookingid":322},{"bookingid":1703},{"bookingid":1392},{"bookingid":678},{"bookingid":1610},{"bookingid":2620},{"bookingid":1738},{"bookingid":1883},{"bookingid":956},{"bookingid":294},{"bookingid":2445},{"bookingid":2636},{"bookingid":649},{"bookingid":1646},{"bookingid":1873},{"bookingid":1840},{"bookingid":1311},{"bookingid":1751},{"bookingid":2157},{"bookingid":2596},{"bookingid":1348},{"bookingid":1773},{"bookingid":1142},{"bookingid":695},{"bookingid":1768},{"bookingid":1783},{"bookingid":599},{"bookingid":2250},{"bookingid":617},{"bookingid":1466},{"bookingid":1955},{"bookingid":211},{"bookingid":272},{"bookingid":1195},{"bookingid":316},{"bookingid":502},{"bookingid":2667},{"bookingid":1423},{"bookingid":2372},{"bookingid":1777},{"bookingid":950},{"bookingid":723},{"bookingid":1032},{"bookingid":1802},{"bookingid":2122},{"bookingid":73},{"bookingid":113},{"bookingid":461},{"bookingid":12},{"bookingid":1790},{"bookingid":504},{"bookingid":523},{"bookingid":858},{"bookingid":107},{"bookingid":1424},{"bookingid":663},{"bookingid":52},{"bookingid":281},{"bookingid":1858},{"bookingid":1491},{"bookingid":691},{"bookingid":1487},{"bookingid":1233},{"bookingid":1171},{"bookingid":1470},{"bookingid":1067},{"bookingid":732},{"bookingid":2676},{"bookingid":1622},{"bookingid":1165},{"bookingid":571},{"bookingid":193},{"bookingid":2470},{"bookingid":1339},{"bookingid":1078},{"bookingid":1238},{"bookingid":1507},{"bookingid":2499},{"bookingid":2192},{"bookingid":561},{"bookingid":2428},{"bookingid":2694},{"bookingid":1638},{"bookingid":441},{"bookingid":652},{"bookingid":2672},{"bookingid":1629},{"bookingid":738},{"bookingid":570},{"bookingid":2083},{"bookingid":144},{"bookingid":1069},{"bookingid":1650},{"bookingid":1086},{"bookingid":952},{"bookingid":363},{"bookingid":766},{"bookingid":749},{"bookingid":1096},{"bookingid":1318},{"bookingid":2573},{"bookingid":2039},{"bookingid":2397},{"bookingid":133},{"bookingid":718},{"bookingid":514},{"bookingid":501},{"bookingid":2502},{"bookingid":261},{"bookingid":2429},{"bookingid":763},{"bookingid":2308},{"bookingid":2497},{"bookingid":480},{"bookingid":2139},{"bookingid":1026},{"bookingid":76},{"bookingid":1341},{"bookingid":1542},{"bookingid":1839},{"bookingid":140},{"bookingid":1846},{"bookingid":369},{"bookingid":1015},{"bookingid":374},{"bookingid":2285},{"bookingid":680},{"bookingid":1818},{"bookingid":331},{"bookingid":483},{"bookingid":1210},{"bookingid":1472},{"bookingid":2082},{"bookingid":681},{"bookingid":306},{"bookingid":136},{"bookingid":1403},{"bookingid":1864},{"bookingid":671},{"bookingid":451},{"bookingid":126},{"bookingid":2238},{"bookingid":1616},{"bookingid":2176},{"bookingid":72},{"bookingid":2407},{"bookingid":2075},{"bookingid":1495},{"bookingid":2036},{"bookingid":991},{"bookingid":19},{"bookingid":703},{"bookingid":2437},{"bookingid":823},{"bookingid":1022},{"bookingid":1107},{"bookingid":1757},{"bookingid":2492},{"bookingid":162},{"bookingid":240},{"bookingid":226},{"bookingid":2652},{"bookingid":1917},{"bookingid":288},{"bookingid":1213},{"bookingid":2465},{"bookingid":172},{"bookingid":669},{"bookingid":2385},{"bookingid":750},{"bookingid":151},{"bookingid":702},{"bookingid":1975},{"bookingid":1716},{"bookingid":2688},{"bookingid":1010},{"bookingid":1750},{"bookingid":1158},{"bookingid":1090},{"bookingid":439},{"bookingid":970},{"bookingid":61},{"bookingid":1439},{"bookingid":2668},{"bookingid":2013},{"bookingid":2352},{"bookingid":1201},{"bookingid":1562},{"bookingid":44},{"bookingid":1934},{"bookingid":1270},{"bookingid":377},{"bookingid":2320},{"bookingid":2541},{"bookingid":1400},{"bookingid":2530},{"bookingid":1500},{"bookingid":1190},{"bookingid":2618},{"bookingid":1781},{"bookingid":1665},{"bookingid":968},{"bookingid":1459},{"bookingid":1287},{"bookingid":781},{"bookingid":1760},{"bookingid":1957},{"bookingid":527},{"bookingid":2247},{"bookingid":563},{"bookingid":2042},{"bookingid":187},{"bookingid":622},{"bookingid":1832},{"bookingid":867},{"bookingid":1905},{"bookingid":54},{"bookingid":2365},{"bookingid":2485},{"bookingid":788},{"bookingid":2028},{"bookingid":953},{"bookingid":1234},{"bookingid":1849},{"bookingid":469},{"bookingid":666},{"bookingid":965},{"bookingid":884},{"bookingid":1684},{"bookingid":2639},{"bookingid":581},{"bookingid":2364},{"bookingid":623},{"bookingid":2336},{"bookingid":2044},{"bookingid":929},{"bookingid":2712},{"bookingid":2540},{"bookingid":1710},{"bookingid":565},{"bookingid":1332},{"bookingid":225},{"bookingid":400},{"bookingid":960},{"bookingid":1660},{"bookingid":2063},{"bookingid":2678},{"bookingid":2136},{"bookingid":149},{"bookingid":756},{"bookingid":1972},{"bookingid":339},{"bookingid":1406},{"bookingid":552},{"bookingid":1935},{"bookingid":270... (set the log level to DEBUG or TRACE to see the full content) 
 </msg>
<msg time="2024-06-14T19:47:04.714020" level="INFO">${response} = &lt;Response [200]&gt;</msg>
<var>${response}</var>
<arg>https://restful-booker.herokuapp.com/booking</arg>
<doc>Sends a GET request.</doc>
<status status="PASS" start="2024-06-14T19:47:03.821438" elapsed="0.892582"/>
</kw>
<kw name="Log" owner="BuiltIn">
<msg time="2024-06-14T19:47:04.714020" level="INFO">[{"bookingid":16},{"bookingid":1806},{"bookingid":494},{"bookingid":20},{"bookingid":2685},{"bookingid":278},{"bookingid":1511},{"bookingid":2359},{"bookingid":305},{"bookingid":906},{"bookingid":1226},{"bookingid":1545},{"bookingid":186},{"bookingid":2460},{"bookingid":2375},{"bookingid":620},{"bookingid":513},{"bookingid":80},{"bookingid":2524},{"bookingid":413},{"bookingid":141},{"bookingid":252},{"bookingid":1852},{"bookingid":115},{"bookingid":1578},{"bookingid":651},{"bookingid":2314},{"bookingid":1515},{"bookingid":1579},{"bookingid":156},{"bookingid":2108},{"bookingid":470},{"bookingid":1527},{"bookingid":1939},{"bookingid":2391},{"bookingid":38},{"bookingid":2467},{"bookingid":1275},{"bookingid":1433},{"bookingid":1141},{"bookingid":2197},{"bookingid":2486},{"bookingid":1030},{"bookingid":1044},{"bookingid":1958},{"bookingid":2718},{"bookingid":2421},{"bookingid":1969},{"bookingid":708},{"bookingid":1024},{"bookingid":731},{"bookingid":1560},{"bookingid":1273},{"bookingid":632},{"bookingid":308},{"bookingid":499},{"bookingid":1289},{"bookingid":2473},{"bookingid":2303},{"bookingid":2230},{"bookingid":776},{"bookingid":598},{"bookingid":1680},{"bookingid":2346},{"bookingid":357},{"bookingid":770},{"bookingid":1765},{"bookingid":1933},{"bookingid":1350},{"bookingid":96},{"bookingid":2517},{"bookingid":259},{"bookingid":715},{"bookingid":2047},{"bookingid":868},{"bookingid":2560},{"bookingid":440},{"bookingid":2259},{"bookingid":2379},{"bookingid":1998},{"bookingid":1834},{"bookingid":268},{"bookingid":2037},{"bookingid":279},{"bookingid":1659},{"bookingid":1175},{"bookingid":1816},{"bookingid":994},{"bookingid":1276},{"bookingid":2151},{"bookingid":2249},{"bookingid":1550},{"bookingid":2167},{"bookingid":1960},{"bookingid":1261},{"bookingid":1531},{"bookingid":328},{"bookingid":893},{"bookingid":894},{"bookingid":1907},{"bookingid":535},{"bookingid":814},{"bookingid":1248},{"bookingid":775},{"bookingid":56},{"bookingid":1329},{"bookingid":2572},{"bookingid":273},{"bookingid":1349},{"bookingid":260},{"bookingid":2146},{"bookingid":1922},{"bookingid":1366},{"bookingid":2345},{"bookingid":1353},{"bookingid":644},{"bookingid":1708},{"bookingid":489},{"bookingid":336},{"bookingid":24},{"bookingid":2511},{"bookingid":1587},{"bookingid":842},{"bookingid":420},{"bookingid":2287},{"bookingid":2722},{"bookingid":646},{"bookingid":852},{"bookingid":2662},{"bookingid":534},{"bookingid":1038},{"bookingid":2682},{"bookingid":1296},{"bookingid":39},{"bookingid":10},{"bookingid":801},{"bookingid":412},{"bookingid":178},{"bookingid":986},{"bookingid":1192},{"bookingid":2199},{"bookingid":873},{"bookingid":1268},{"bookingid":2255},{"bookingid":1769},{"bookingid":2065},{"bookingid":1501},{"bookingid":1313},{"bookingid":428},{"bookingid":720},{"bookingid":1088},{"bookingid":2007},{"bookingid":2203},{"bookingid":573},{"bookingid":1559},{"bookingid":1822},{"bookingid":1221},{"bookingid":919},{"bookingid":1183},{"bookingid":25},{"bookingid":1427},{"bookingid":1266},{"bookingid":1187},{"bookingid":2269},{"bookingid":42},{"bookingid":109},{"bookingid":2226},{"bookingid":2628},{"bookingid":1014},{"bookingid":626},{"bookingid":1077},{"bookingid":1726},{"bookingid":79},{"bookingid":41},{"bookingid":521},{"bookingid":231},{"bookingid":743},{"bookingid":575},{"bookingid":1570},{"bookingid":1535},{"bookingid":1251},{"bookingid":762},{"bookingid":985},{"bookingid":838},{"bookingid":2468},{"bookingid":2349},{"bookingid":253},{"bookingid":1637},{"bookingid":1167},{"bookingid":547},{"bookingid":1381},{"bookingid":1490},{"bookingid":1704},{"bookingid":2583},{"bookingid":1700},{"bookingid":543},{"bookingid":1657},{"bookingid":304},{"bookingid":2000},{"bookingid":1103},{"bookingid":936},{"bookingid":435},{"bookingid":2339},{"bookingid":509},{"bookingid":1298},{"bookingid":605},{"bookingid":530},{"bookingid":1996},{"bookingid":233},{"bookingid":2519},{"bookingid":1920},{"bookingid":2514},{"bookingid":683},{"bookingid":120},{"bookingid":978},{"bookingid":2240},{"bookingid":1237},{"bookingid":1120},{"bookingid":1493},{"bookingid":2474},{"bookingid":1948},{"bookingid":2442},{"bookingid":1036},{"bookingid":1080},{"bookingid":554},{"bookingid":1621},{"bookingid":1390},{"bookingid":746},{"bookingid":1512},{"bookingid":62},{"bookingid":1539},{"bookingid":197},{"bookingid":1354},{"bookingid":2265},{"bookingid":1607},{"bookingid":1421},{"bookingid":2656},{"bookingid":773},{"bookingid":2017},{"bookingid":179},{"bookingid":2699},{"bookingid":2434},{"bookingid":291},{"bookingid":1174},{"bookingid":1070},{"bookingid":91},{"bookingid":1235},{"bookingid":1281},{"bookingid":95},{"bookingid":2070},{"bookingid":447},{"bookingid":2378},{"bookingid":2706},{"bookingid":716},{"bookingid":309},{"bookingid":1057},{"bookingid":125},{"bookingid":146},{"bookingid":83},{"bookingid":473},{"bookingid":1407},{"bookingid":546},{"bookingid":2632},{"bookingid":1063},{"bookingid":689},{"bookingid":2290},{"bookingid":1856},{"bookingid":1021},{"bookingid":2005},{"bookingid":1247},{"bookingid":2232},{"bookingid":2288},{"bookingid":1664},{"bookingid":1252},{"bookingid":2721},{"bookingid":1355},{"bookingid":246},{"bookingid":2131},{"bookingid":1277},{"bookingid":191},{"bookingid":1481},{"bookingid":1668},{"bookingid":1411},{"bookingid":322},{"bookingid":1703},{"bookingid":1392},{"bookingid":678},{"bookingid":1610},{"bookingid":2620},{"bookingid":1738},{"bookingid":1883},{"bookingid":956},{"bookingid":294},{"bookingid":2445},{"bookingid":2636},{"bookingid":649},{"bookingid":1646},{"bookingid":1873},{"bookingid":1840},{"bookingid":1311},{"bookingid":1751},{"bookingid":2157},{"bookingid":2596},{"bookingid":1348},{"bookingid":1773},{"bookingid":1142},{"bookingid":695},{"bookingid":1768},{"bookingid":1783},{"bookingid":599},{"bookingid":2250},{"bookingid":617},{"bookingid":1466},{"bookingid":1955},{"bookingid":211},{"bookingid":272},{"bookingid":1195},{"bookingid":316},{"bookingid":502},{"bookingid":2667},{"bookingid":1423},{"bookingid":2372},{"bookingid":1777},{"bookingid":950},{"bookingid":723},{"bookingid":1032},{"bookingid":1802},{"bookingid":2122},{"bookingid":73},{"bookingid":113},{"bookingid":461},{"bookingid":12},{"bookingid":1790},{"bookingid":504},{"bookingid":523},{"bookingid":858},{"bookingid":107},{"bookingid":1424},{"bookingid":663},{"bookingid":52},{"bookingid":281},{"bookingid":1858},{"bookingid":1491},{"bookingid":691},{"bookingid":1487},{"bookingid":1233},{"bookingid":1171},{"bookingid":1470},{"bookingid":1067},{"bookingid":732},{"bookingid":2676},{"bookingid":1622},{"bookingid":1165},{"bookingid":571},{"bookingid":193},{"bookingid":2470},{"bookingid":1339},{"bookingid":1078},{"bookingid":1238},{"bookingid":1507},{"bookingid":2499},{"bookingid":2192},{"bookingid":561},{"bookingid":2428},{"bookingid":2694},{"bookingid":1638},{"bookingid":441},{"bookingid":652},{"bookingid":2672},{"bookingid":1629},{"bookingid":738},{"bookingid":570},{"bookingid":2083},{"bookingid":144},{"bookingid":1069},{"bookingid":1650},{"bookingid":1086},{"bookingid":952},{"bookingid":363},{"bookingid":766},{"bookingid":749},{"bookingid":1096},{"bookingid":1318},{"bookingid":2573},{"bookingid":2039},{"bookingid":2397},{"bookingid":133},{"bookingid":718},{"bookingid":514},{"bookingid":501},{"bookingid":2502},{"bookingid":261},{"bookingid":2429},{"bookingid":763},{"bookingid":2308},{"bookingid":2497},{"bookingid":480},{"bookingid":2139},{"bookingid":1026},{"bookingid":76},{"bookingid":1341},{"bookingid":1542},{"bookingid":1839},{"bookingid":140},{"bookingid":1846},{"bookingid":369},{"bookingid":1015},{"bookingid":374},{"bookingid":2285},{"bookingid":680},{"bookingid":1818},{"bookingid":331},{"bookingid":483},{"bookingid":1210},{"bookingid":1472},{"bookingid":2082},{"bookingid":681},{"bookingid":306},{"bookingid":136},{"bookingid":1403},{"bookingid":1864},{"bookingid":671},{"bookingid":451},{"bookingid":126},{"bookingid":2238},{"bookingid":1616},{"bookingid":2176},{"bookingid":72},{"bookingid":2407},{"bookingid":2075},{"bookingid":1495},{"bookingid":2036},{"bookingid":991},{"bookingid":19},{"bookingid":703},{"bookingid":2437},{"bookingid":823},{"bookingid":1022},{"bookingid":1107},{"bookingid":1757},{"bookingid":2492},{"bookingid":162},{"bookingid":240},{"bookingid":226},{"bookingid":2652},{"bookingid":1917},{"bookingid":288},{"bookingid":1213},{"bookingid":2465},{"bookingid":172},{"bookingid":669},{"bookingid":2385},{"bookingid":750},{"bookingid":151},{"bookingid":702},{"bookingid":1975},{"bookingid":1716},{"bookingid":2688},{"bookingid":1010},{"bookingid":1750},{"bookingid":1158},{"bookingid":1090},{"bookingid":439},{"bookingid":970},{"bookingid":61},{"bookingid":1439},{"bookingid":2668},{"bookingid":2013},{"bookingid":2352},{"bookingid":1201},{"bookingid":1562},{"bookingid":44},{"bookingid":1934},{"bookingid":1270},{"bookingid":377},{"bookingid":2320},{"bookingid":2541},{"bookingid":1400},{"bookingid":2530},{"bookingid":1500},{"bookingid":1190},{"bookingid":2618},{"bookingid":1781},{"bookingid":1665},{"bookingid":968},{"bookingid":1459},{"bookingid":1287},{"bookingid":781},{"bookingid":1760},{"bookingid":1957},{"bookingid":527},{"bookingid":2247},{"bookingid":563},{"bookingid":2042},{"bookingid":187},{"bookingid":622},{"bookingid":1832},{"bookingid":867},{"bookingid":1905},{"bookingid":54},{"bookingid":2365},{"bookingid":2485},{"bookingid":788},{"bookingid":2028},{"bookingid":953},{"bookingid":1234},{"bookingid":1849},{"bookingid":469},{"bookingid":666},{"bookingid":965},{"bookingid":884},{"bookingid":1684},{"bookingid":2639},{"bookingid":581},{"bookingid":2364},{"bookingid":623},{"bookingid":2336},{"bookingid":2044},{"bookingid":929},{"bookingid":2712},{"bookingid":2540},{"bookingid":1710},{"bookingid":565},{"bookingid":1332},{"bookingid":225},{"bookingid":400},{"bookingid":960},{"bookingid":1660},{"bookingid":2063},{"bookingid":2678},{"bookingid":2136},{"bookingid":149},{"bookingid":756},{"bookingid":1972},{"bookingid":339},{"bookingid":1406},{"bookingid":552},{"bookingid":1935},{"bookingid":2709},{"bookingid":463},{"bookingid":313},{"bookingid":2184},{"bookingid":1162},{"bookingid":2537},{"bookingid":2675},{"bookingid":1923},{"bookingid":77},{"bookingid":2243},{"bookingid":1288},{"bookingid":922},{"bookingid":2478},{"bookingid":1740},{"bookingid":1317},{"bookingid":964},{"bookingid":757},{"bookingid":2344},{"bookingid":1530},{"bookingid":1159},{"bookingid":2389},{"bookingid":2270},{"bookingid":2480},{"bookingid":2548},{"bookingid":579},{"bookingid":495},{"bookingid":1071},{"bookingid":987},{"bookingid":1412},{"bookingid":66},{"bookingid":1114},{"bookingid":2606},{"bookingid":2117},{"bookingid":2663},{"bookingid":1951},{"bookingid":1129},{"bookingid":1977},{"bookingid":2516},{"bookingid":1904},{"bookingid":2104},{"bookingid":1813},{"bookingid":117},{"bookingid":1306},{"bookingid":616},{"bookingid":1335},{"bookingid":2212},{"bookingid":1324},{"bookingid":1510},{"bookingid":460},{"bookingid":87},{"bookingid":1447},{"bookingid":206},{"bookingid":433},{"bookingid":2650},{"bookingid":2615},{"bookingid":2576},{"bookingid":780},{"bookingid":672},{"bookingid":1522},{"bookingid":2605},{"bookingid":658},{"bookingid":2482},{"bookingid":2719},{"bookingid":13},{"bookingid":2001},{"bookingid":2116},{"bookingid":274},{"bookingid":31},{"bookingid":751},{"bookingid":1903},{"bookingid":2074},{"bookingid":2400},{"bookingid":2038},{"bookingid":1675},{"bookingid":338},{"bookingid":1992},{"bookingid":947},{"bookingid":1083},{"bookingid":1405},{"bookingid":104},{"bookingid":343},{"bookingid":1384},{"bookingid":2446},{"bookingid":2103},{"bookingid":1065},{"bookingid":2447},{"bookingid":122},{"bookingid":490},{"bookingid":1037},{"bookingid":1861},{"bookingid":2165},{"bookingid":1517},{"bookingid":2293},{"bookingid":569},{"bookingid":2396},{"bookingid":508},{"bookingid":318},{"bookingid":1867},{"bookingid":558},{"bookingid":2382},{"bookingid":819},{"bookingid":1698},{"bookingid":2},{"bookingid":792},{"bookingid":1052},{"bookingid":2335},{"bookingid":1163},{"bookingid":424},{"bookingid":764},{"bookingid":853},{"bookingid":2409},{"bookingid":1633},{"bookingid":2589},{"bookingid":2209},{"bookingid":2294},{"bookingid":2351},{"bookingid":1688},{"bookingid":1243},{"bookingid":1882},{"bookingid":2093},{"bookingid":1945},{"bookingid":1358},{"bookingid":1706},{"bookingid":319},{"bookingid":1718},{"bookingid":1693},{"bookingid":2091},{"bookingid":1218},{"bookingid":1742},{"bookingid":2452},{"bookingid":180},{"bookingid":1003},{"bookingid":1486},{"bookingid":1712},{"bookingid":18},{"bookingid":921},{"bookingid":1872},{"bookingid":848},{"bookingid":1762},{"bookingid":2657},{"bookingid":1299},{"bookingid":85},{"bookingid":29},{"bookingid":385},{"bookingid":2638},{"bookingid":1649},{"bookingid":234},{"bookingid":116},{"bookingid":1681},{"bookingid":2208},{"bookingid":1744},{"bookingid":2360},{"bookingid":1692},{"bookingid":5},{"bookingid":2631},{"bookingid":1875},{"bookingid":1986},{"bookingid":280},{"bookingid":327},{"bookingid":264},{"bookingid":2018},{"bookingid":2562},{"bookingid":2343},{"bookingid":60},{"bookingid":2714},{"bookingid":2426},{"bookingid":753},{"bookingid":1604},{"bookingid":1678},{"bookingid":631},{"bookingid":468},{"bookingid":394},{"bookingid":1005},{"bookingid":2283},{"bookingid":150},{"bookingid":976},{"bookingid":171},{"bookingid":2350},{"bookingid":2430},{"bookingid":1127},{"bookingid":659},{"bookingid":1634},{"bookingid":1429},{"bookingid":903},{"bookingid":880},{"bookingid":1471},{"bookingid":366},{"bookingid":334},{"bookingid":102},{"bookingid":2310},{"bookingid":2261},{"bookingid":163},{"bookingid":2433},{"bookingid":1176},{"bookingid":2156},{"bookingid":1368},{"bookingid":2149},{"bookingid":557},{"bookingid":1583},{"bookingid":1018},{"bookingid":2072},{"bookingid":1134},{"bookingid":1419},{"bookingid":2235},{"bookingid":1686},{"bookingid":1652},{"bookingid":931},{"bookingid":2356},{"bookingid":2319},{"bookingid":1887},{"bookingid":2642},{"bookingid":137},{"bookingid":1331},{"bookingid":1869},{"bookingid":1300},{"bookingid":1269},{"bookingid":182},{"bookingid":1908},{"bookingid":2402},{"bookingid":236},{"bookingid":1416},{"bookingid":1828},{"bookingid":803},{"bookingid":1571},{"bookingid":407},{"bookingid":2141},{"bookingid":1788},{"bookingid":152},{"bookingid":2546},{"bookingid":1724},{"bookingid":2436},{"bookingid":2329},{"bookingid":1232},{"bookingid":9},{"bookingid":403},{"bookingid":1293},{"bookingid":2302},{"bookingid":821},{"bookingid":1793},{"bookingid":203},{"bookingid":1879},{"bookingid":311},{"bookingid":1679},{"bookingid":1877},{"bookingid":164},{"bookingid":1787},{"bookingid":2009},{"bookingid":786},{"bookingid":542},{"bookingid":145},{"bookingid":2221},{"bookingid":1173},{"bookingid":1426},{"bookingid":391},{"bookingid":1282},{"bookingid":296},{"bookingid":7},{"bookingid":1663},{"bookingid":35},{"bookingid":1150},{"bookingid":765},{"bookingid":2193},{"bookingid":2200},{"bookingid":1117},{"bookingid":2683},{"bookingid":2645},{"bookingid":1029},{"bookingid":222},{"bookingid":1228},{"bookingid":2174},{"bookingid":1889},{"bookingid":1489},{"bookingid":217},{"bookingid":2323},{"bookingid":2362},{"bookingid":111},{"bookingid":1109},{"bookingid":2510},{"bookingid":1687},{"bookingid":2390},{"bookingid":2313},{"bookingid":2281},{"bookingid":1943},{"bookingid":21},{"bookingid":346},{"bookingid":1763},{"bookingid":544},{"bookingid":2557},{"bookingid":67},{"bookingid":446},{"bookingid":2015},{"bookingid":675},{"bookingid":1240},{"bookingid":365},{"bookingid":1035},{"bookingid":1613},{"bookingid":1231},{"bookingid":713},{"bookingid":2476},{"bookingid":1927},{"bookingid":516},{"bookingid":1623},{"bookingid":1051},{"bookingid":1865},{"bookingid":1454},{"bookingid":2086},{"bookingid":2419},{"bookingid":1791},{"bookingid":198},{"bookingid":99},{"bookingid":1413},{"bookingid":1748},{"bookingid":1404},{"bookingid":962},{"bookingid":289},{"bookingid":1796},{"bookingid":747},{"bookingid":1809},{"bookingid":840},{"bookingid":174},{"bookingid":1099},{"bookingid":419},{"bookingid":566},{"bookingid":1186},{"bookingid":755},{"bookingid":2624},{"bookingid":97},{"bookingid":284},{"bookingid":2453},{"bookingid":1544},{"bookingid":1595},{"bookingid":676},{"bookingid":2388},{"bookingid":610},{"bookingid":2367},{"bookingid":1993},{"bookingid":467},{"bookingid":629},{"bookingid":634},{"bookingid":82},{"bookingid":3},{"bookingid":2242},{"bookingid":1930},{"bookingid":159},{"bookingid":2130},{"bookingid":2002},{"bookingid":1612},{"bookingid":2121},{"bookingid":1732},{"bookingid":812},{"bookingid":430},{"bookingid":1949},{"bookingid":627},{"bookingid":2515},{"bookingid":2509},{"bookingid":1380},{"bookingid":23},{"bookingid":553},{"bookingid":837},{"bookingid":426},{"bookingid":1827},{"bookingid":974},{"bookingid":123},{"bookingid":1577},{"bookingid":1179},{"bookingid":1753},{"bookingid":1457},{"bookingid":1814},{"bookingid":1017},{"bookingid":2716},{"bookingid":1640},{"bookingid":1557},{"bookingid":46},{"bookingid":1651},{"bookingid":2051},{"bookingid":977},{"bookingid":1450},{"bookingid":2616},{"bookingid":1008},{"bookingid":1667},{"bookingid":2457},{"bookingid":434},{"bookingid":1053},{"bookingid":2543},{"bookingid":1591},{"bookingid":454},{"bookingid":1064},{"bookingid":1520},{"bookingid":2268},{"bookingid":2697},{"bookingid":2090},{"bookingid":1853},{"bookingid":429},{"bookingid":905},{"bookingid":1598},{"bookingid":90},{"bookingid":2021},{"bookingid":2651},{"bookingid":1156},{"bookingid":466},{"bookingid":453},{"bookingid":1728},{"bookingid":1824},{"bookingid":1518},{"bookingid":1940},{"bookingid":2190},{"bookingid":1073},{"bookingid":800},{"bookingid":70},{"bookingid":2490},{"bookingid":832},{"bookingid":1586},{"bookingid":2512},{"bookingid":871},{"bookingid":2711},{"bookingid":2166},{"bookingid":2484},{"bookingid":1285},{"bookingid":138},{"bookingid":1325},{"bookingid":63},{"bookingid":359},{"bookingid":1855},{"bookingid":2172},{"bookingid":155},{"bookingid":1302},{"bookingid":1394},{"bookingid":2102},{"bookingid":37},{"bookingid":862},{"bookingid":2587},{"bookingid":2369},{"bookingid":43},{"bookingid":1833},{"bookingid":2275},{"bookingid":665},{"bookingid":779},{"bookingid":1048},{"bookingid":1483},{"bookingid":860},{"bookingid":2032},{"bookingid":2296},{"bookingid":2608},{"bookingid":602},{"bookingid":662},{"bookingid":481},{"bookingid":2462},{"bookingid":418},{"bookingid":1697},{"bookingid":352},{"bookingid":971},{"bookingid":2472},{"bookingid":209},{"bookingid":2105},{"bookingid":2569},{"bookingid":942},{"bookingid":696},{"bookingid":896},{"bookingid":68},{"bookingid":242},{"bookingid":2627},{"bookingid":2681},{"bookingid":810},{"bookingid":1196},{"bookingid":1504},{"bookingid":2696},{"bookingid":1821},{"bookingid":2295},{"bookingid":1305},{"bookingid":372},{"bookingid":457},{"bookingid":2299},{"bookingid":1770},{"bookingid":811},{"bookingid":1254},{"bookingid":1575},{"bookingid":1154},{"bookingid":1002},{"bookingid":1810},{"bookingid":2185},{"bookingid":2597},{"bookingid":2577},{"bookingid":49},{"bookingid":2479},{"bookingid":667},{"bookingid":2153},{"bookingid":1047},{"bookingid":299},{"bookingid":604},{"bookingid":2112},{"bookingid":639},{"bookingid":564},{"bookingid":673},{"bookingid":177},{"bookingid":1105},{"bookingid":1965},{"bookingid":2599},{"bookingid":1338},{"bookingid":2686},{"bookingid":714},{"bookingid":1229},{"bookingid":1106},{"bookingid":1137},{"bookingid":1919},{"bookingid":2507},{"bookingid":1747},{"bookingid":1164},{"bookingid":307},{"bookingid":609},{"bookingid":1253},{"bookingid":815},{"bookingid":476},{"bookingid":2183},{"bookingid":981},{"bookingid":2586},{"bookingid":2418},{"bookingid":927},{"bookingid":266},{"bookingid":6},{"bookingid":392},{"bookingid":2168},{"bookingid":1479},{"bookingid":127},{"bookingid":332},{"bookingid":238},{"bookingid":1736},{"bookingid":1673},{"bookingid":1987},{"bookingid":2291},{"bookingid":1430},{"bookingid":1209},{"bookingid":89},{"bookingid":1212},{"bookingid":1473},{"bookingid":105},{"bookingid":1132},{"bookingid":2621},{"bookingid":975},{"bookingid":701},{"bookingid":2600},{"bookingid":2301},{"bookingid":1042},{"bookingid":129},{"bookingid":98},{"bookingid":402},{"bookingid":813},{"bookingid":30},{"bookingid":320},{"bookingid":785},{"bookingid":2581},{"bookingid":549},{"bookingid":1567},{"bookingid":2325},{"bookingid":2401},{"bookingid":1062},{"bookingid":711},{"bookingid":1205},{"bookingid":900},{"bookingid":1376},{"bookingid":2422},{"bookingid":1508},{"bookingid":1931},{"bookingid":2322},{"bookingid":1807},{"bookingid":1722},{"bookingid":512},{"bookingid":254},{"bookingid":540},{"bookingid":854},{"bookingid":890},{"bookingid":2702},{"bookingid":69},{"bookingid":1198},{"bookingid":2179},{"bookingid":2443},{"bookingid":916},{"bookingid":1000},{"bookingid":1321},{"bookingid":1606},{"bookingid":1011},{"bookingid":2237},{"bookingid":303},{"bookingid":1569},{"bookingid":733},{"bookingid":139},{"bookingid":643},{"bookingid":1721},{"bookingid":2205},{"bookingid":2120},{"bookingid":2487},{"bookingid":28},{"bookingid":2414},{"bookingid":325},{"bookingid":1851},{"bookingid":64},{"bookingid":2355},{"bookingid":2692},{"bookingid":1016},{"bookingid":1778},{"bookingid":1950},{"bookingid":1436},{"bookingid":1912},{"bookingid":2622},{"bookingid":1741},{"bookingid":1356},{"bookingid":536},{"bookingid":945},{"bookingid":160},{"bookingid":423},{"bookingid":1184},{"bookingid":121},{"bookingid":2547},{"bookingid":2196},{"bookingid":2549},{"bookingid":2095},{"bookingid":1220},{"bookingid":1533},{"bookingid":245},{"bookingid":2218},{"bookingid":1467},{"bookingid":707},{"bookingid":909},{"bookingid":1553},{"bookingid":1283},{"bookingid":944},{"bookingid":2262},{"bookingid":1756},{"bookingid":2495},{"bookingid":717},{"bookingid":1944},{"bookingid":364},{"bookingid":1170},{"bookingid":1485},{"bookingid":2611},{"bookingid":1899},{"bookingid":697},{"bookingid":2215},{"bookingid":1499},{"bookingid":2316},{"bookingid":1451},{"bookingid":249},{"bookingid":216},{"bookingid":2689},{"bookingid":2159},{"bookingid":1465},{"bookingid":2207},{"bookingid":791},{"bookingid":1745},{"bookingid":1800},{"bookingid":258},{"bookingid":1370},{"bookingid":2334},{"bookingid":1916},{"bookingid":1547},{"bookingid":918},{"bookingid":2034},{"bookingid":1004},{"bookingid":1918},{"bookingid":2522},{"bookingid":2427},{"bookingid":2194},{"bookingid":1749},{"bookingid":2274},{"bookingid":2026},{"bookingid":32},{"bookingid":1102},{"bookingid":1347},{"bookingid":351},{"bookingid":2383},{"bookingid":951},{"bookingid":1881},{"bookingid":1956},{"bookingid":1842},{"bookingid":2216},{"bookingid":462},{"bookingid":2123},{"bookingid":58},{"bookingid":1619},{"bookingid":2664},{"bookingid":354},{"bookingid":2612},{"bookingid":2674},{"bookingid":1474},{"bookingid":2566},{"bookingid":2588},{"bookingid":2491},{"bookingid":387},{"bookingid":562},{"bookingid":1492},{"bookingid":1207},{"bookingid":1072},{"bookingid":204},{"bookingid":2040},{"bookingid":342},{"bookingid":1656},{"bookingid":1360},{"bookingid":760},{"bookingid":834},{"bookingid":736},{"bookingid":593},{"bookingid":448},{"bookingid":802},{"bookingid":596},{"bookingid":497},{"bookingid":704},{"bookingid":158},{"bookingid":2277},{"bookingid":2659},{"bookingid":528},{"bookingid":2376},{"bookingid":608},{"bookingid":2630},{"bookingid":1312},{"bookingid":879},{"bookingid":1691},{"bookingid":287},{"bookingid":2680},{"bookingid":831},{"bookingid":292},{"bookingid":1985},{"bookingid":1989},{"bookingid":484},{"bookingid":1386},{"bookingid":1878},{"bookingid":1890},{"bookingid":1056},{"bookingid":1101},{"bookingid":2648},{"bookingid":1420},{"bookingid":533},{"bookingid":88},{"bookingid":1715},{"bookingid":1597},{"bookingid":959},{"bookingid":2052},{"bookingid":347},{"bookingid":2178},{"bookingid":2554},{"bookingid":742},{"bookingid":963},{"bookingid":1906},{"bookingid":1536},{"bookingid":1984},{"bookingid":621},{"bookingid":1494},{"bookingid":1264},{"bookingid":941},{"bookingid":1060},{"bookingid":983},{"bookingid":165},{"bookingid":411},{"bookingid":1645},{"bookingid":847},{"bookingid":1963},{"bookingid":2211},{"bookingid":1970},{"bookingid":2048},{"bookingid":990},{"bookingid":1785},{"bookingid":1895},{"bookingid":2046},{"bookingid":2528},{"bookingid":1087},{"bookingid":1552},{"bookingid":2494},{"bookingid":804},{"bookingid":2535},{"bookingid":1702},{"bookingid":408},{"bookingid":201},{"bookingid":1123},{"bookingid":932},{"bookingid":192},{"bookingid":2309},{"bookingid":2551},{"bookingid":2340},{"bookingid":615},{"bookingid":993},{"bookingid":195},{"bookingid":1432},{"bookingid":1862},{"bookingid":2229},{"bookingid":1764},{"bookingid":1139},{"bookingid":2416},{"bookingid":94},{"bookingid":1529},{"bookingid":2703},{"bookingid":2128},{"bookingid":887},{"bookingid":1262},{"bookingid":2658},{"bookingid":930},{"bookingid":580},{"bookingid":642},{"bookingid":170},{"bookingid":999},{"bookingid":1242},{"bookingid":1565},{"bookingid":515},{"bookingid":2337},{"bookingid":2246},{"bookingid":477},{"bookingid":2707},{"bookingid":589},{"bookingid":1246},{"bookingid":2088},{"bookingid":1582},{"bookingid":1025},{"bookingid":1837},{"bookingid":735},{"bookingid":2607},{"bookingid":1936},{"bookingid":2315},{"bookingid":2148},{"bookingid":1866},{"bookingid":506},{"bookingid":551},{"bookingid":2022},{"bookingid":996},{"bookingid":2330},{"bookingid":275},{"bookingid":302},{"bookingid":2109},{"bookingid":312},{"bookingid":2403},{"bookingid":656},{"bookingid":51},{"bookingid":902},{"bookingid":1149},{"bookingid":1389},{"bookingid":425},{"bookingid":861},{"bookingid":1734},{"bookingid":2425},{"bookingid":878},{"bookingid":684},{"bookingid":1823},{"bookingid":1372},{"bookingid":2532},{"bookingid":1456},{"bookingid":935},{"bookingid":1327},{"bookingid":2531},{"bookingid":2099},{"bookingid":1462},{"bookingid":1805},{"bookingid":1320},{"bookingid":2504},{"bookingid":378},{"bookingid":1654},{"bookingid":112},{"bookingid":1362},{"bookingid":2455},{"bookingid":48},{"bookingid":1440},{"bookingid":925},{"bookingid":381},{"bookingid":1336},{"bookingid":488},{"bookingid":924},{"bookingid":957},{"bookingid":793},{"bookingid":2579},{"bookingid":1395},{"bookingid":1279},{"bookingid":2459},{"bookingid":345},{"bookingid":393},{"bookingid":1978},{"bookingid":2251},{"bookingid":414},{"bookingid":1982},{"bookingid":2133},{"bookingid":2555},{"bookingid":874},{"bookingid":1180},{"bookingid":910},{"bookingid":827},{"bookingid":1050},{"bookingid":57},{"bookingid":2304},{"bookingid":2135},{"bookingid":1737},{"bookingid":730},{"bookingid":1094},{"bookingid":628},{"bookingid":1153},{"bookingid":1202},{"bookingid":682},{"bookingid":267},{"bookingid":1563},{"bookingid":1836},{"bookingid":1599},{"bookingid":1453},{"bookingid":1611},{"bookingid":2590},{"bookingid":14},{"bookingid":614},{"bookingid":686},{"bookingid":1942},{"bookingid":2143},{"bookingid":2154},{"bookingid":1725},{"bookingid":1151},{"bookingid":2160},{"bookingid":1600},{"bookingid":2053},{"bookingid":232},{"bookingid":2701},{"bookingid":982},{"bookingid":1971},{"bookingid":1964},{"bookingid":2307},{"bookingid":482},{"bookingid":15},{"bookingid":2030},{"bookingid":1385},{"bookingid":405},{"bookingid":1292},{"bookingid":2358},{"bookingid":1658},{"bookingid":556},{"bookingid":1448},{"bookingid":603},{"bookingid":578},{"bookingid":1258},{"bookingid":2448},{"bookingid":888},{"bookingid":638},{"bookingid":522},{"bookingid":2202},{"bookingid":1135},{"bookingid":176},{"bookingid":2142},{"bookingid":380},{"bookingid":128},{"bookingid":2031},{"bookingid":2069},{"bookingid":103},{"bookingid":1799},{"bookingid":1915},{"bookingid":771},{"bookingid":1893},{"bookingid":2257},{"bookingid":2594},{"bookingid":1913},{"bookingid":2563},{"bookingid":1924},{"bookingid":2324},{"bookingid":1841},{"bookingid":1720},{"bookingid":1245},{"bookingid":358},{"bookingid":1119},{"bookingid":2574},{"bookingid":1555},{"bookingid":395},{"bookingid":1848},{"bookingid":389},{"bookingid":864},{"bookingid":2545},{"bookingid":1541},{"bookingid":2266},{"bookingid":221},{"bookingid":1043},{"bookingid":882},{"bookingid":1523},{"bookingid":1498},{"bookingid":855},{"bookingid":1188},{"bookingid":1330},{"bookingid":486},{"bookingid":1670},{"bookingid":1808},{"bookingid":101},{"bookingid":2538},{"bookingid":2440},{"bookingid":690},{"bookingid":797},{"bookingid":324},{"bookingid":1549},{"bookingid":337},{"bookingid":1445},{"bookingid":1115},{"bookingid":1314},{"bookingid":1307},{"bookingid":582},{"bookingid":243},{"bookingid":1801},{"bookingid":1901},{"bookingid":2067},{"bookingid":2634},{"bookingid":1031},{"bookingid":740},{"bookingid":866},{"bookingid":2503},{"bookingid":1322},{"bookingid":1898},{"bookingid":2395},{"bookingid":1729},{"bookingid":134},{"bookingid":130},{"bookingid":1845},{"bookingid":1815},{"bookingid":1399},{"bookingid":1925},{"bookingid":1784},{"bookingid":901},{"bookingid":650},{"bookingid":2370},{"bookingid":2145},{"bookingid":2417},{"bookingid":1259},{"bookingid":47},{"bookingid":1374},{"bookingid":1144},{"bookingid":2644},{"bookingid":1138},{"bookingid":2248},{"bookingid":1772},{"bookingid":759},{"bookingid":1775},{"bookingid":2561},{"bookingid":2113},{"bookingid":2126},{"bookingid":2278},{"bookingid":295},{"bookingid":1363},{"bookingid":445},{"bookingid":215},{"bookingid":1444},{"bookingid":1574},{"bookingid":2073},{"bookingid":2079},{"bookingid":969},{"bookingid":1224},{"bookingid":1219},{"bookingid":1397},{"bookingid":2171},{"bookingid":2186},{"bookingid":2110},{"bookingid":795},{"bookingid":437},{"bookingid":81},{"bookingid":1291},{"bookingid":228},{"bookingid":50},{"bookingid":611},{"bookingid":2085},{"bookingid":478},{"bookingid":2076},{"bookingid":36},{"bookingid":2413},{"bookingid":1402},{"bookingid":1676},{"bookingid":2342},{"bookingid":2175},{"bookingid":1131},{"bookingid":657},{"bookingid":774},{"bookingid":11},{"bookingid":1344},{"bookingid":1592},{"bookingid":1265},{"bookingid":2527},{"bookingid":86},{"bookingid":1166},{"bookingid":2523},{"bookingid":2003},{"bookingid":2700},{"bookingid":1009},{"bookingid":2279},{"bookingid":787},{"bookingid":590},{"bookingid":584},{"bookingid":2691},{"bookingid":724},{"bookingid":1041},{"bookingid":1695},{"bookingid":257},{"bookingid":1126},{"bookingid":1897},{"bookingid":1256},{"bookingid":1361},{"bookingid":726},{"bookingid":207},{"bookingid":2567},{"bookingid":938},{"bookingid":517},{"bookingid":2016},{"bookingid":1345},{"bookingid":2463},{"bookingid":2640},{"bookingid":507},{"bookingid":443},{"bookingid":353},{"bookingid":2720},{"bookingid":1576},{"bookingid":1378},{"bookingid":1068},{"bookingid":2284},{"bookingid":911},{"bookingid":2271},{"bookingid":1714},{"bookingid":1513},{"bookingid":1058},{"bookingid":17},{"bookingid":132},{"bookingid":2224},{"bookingid":2394},{"bookingid":300},{"bookingid":1410},{"bookingid":1437},{"bookingid":235},{"bookingid":2593},{"bookingid":2214},{"bookingid":1636},{"bookingid":870},{"bookingid":828},{"bookingid":2006},{"bookingid":247},{"bookingid":2614},{"bookingid":285},{"bookingid":1160},{"bookingid":529},{"bookingid":1340},{"bookingid":1199},{"bookingid":399},{"bookingid":1812},{"bookingid":741},{"bookingid":2124},{"bookingid":1794},{"bookingid":1383},{"bookingid":2582},{"bookingid":1194},{"bookingid":2368},{"bookingid":1830},{"bookingid":1121},{"bookingid":1594},{"bookingid":27},{"bookingid":376},{"bookingid":1216},{"bookingid":1585},{"bookingid":2097},{"bookingid":1524},{"bookingid":846},{"bookingid":1526},{"bookingid":594},{"bookingid":1091},{"bookingid":1981},{"bookingid":1628},{"bookingid":1538},{"bookingid":33},{"bookingid":370},{"bookingid":1759},{"bookingid":1976},{"bookingid":2010},{"bookingid":1417},{"bookingid":1146},{"bookingid":108},{"bookingid":833},{"bookingid":329},{"bookingid":895},{"bookingid":630},{"bookingid":841},{"bookingid":2713},{"bookingid":110},{"bookingid":397},{"bookingid":1627},{"bookingid":984},{"bookingid":417},{"bookingid":373},{"bookingid":1110},{"bookingid":8},{"bookingid":2054},{"bookingid":218},{"bookingid":386},{"bookingid":1081},{"bookingid":915},{"bookingid":208},{"bookingid":1505},{"bookingid":4},{"bookingid":406},{"bookingid":1601},{"bookingid":2451},{"bookingid":2374},{"bookingid":1566},{"bookingid":899},{"bookingid":2623},{"bookingid":2059},{"bookingid":2100},{"bookingid":2158},{"bookingid":224},{"bookingid":1589},{"bookingid":1095},{"bookingid":845},{"bookingid":1460},{"bookingid":2505},{"bookingid":1859},{"bookingid":1182},{"bookingid":2263},{"bookingid":817},{"bookingid":491},{"bookingid":1369},{"bookingid":1319},{"bookingid":1954},{"bookingid":576},{"bookingid":74},{"bookingid":2220},{"bookingid":2114},{"bookingid":2384},{"bookingid":2406},{"bookingid":34},{"bookingid":2256},{"bookingid":26},{"bookingid":1892},{"bookingid":1685},{"bookingid":2534},{"bookingid":1435},{"bookingid":1803},{"bookingid":876},{"bookingid":912},{"bookingid":692},{"bookingid":2094},{"bookingid":2137},{"bookingid":908},{"bookingid":1480},{"bookingid":229},{"bookingid":2578},{"bookingid":645},{"bookingid":1608},{"bookingid":1147},{"bookingid":147},{"bookingid":2661},{"bookingid":2058},{"bookingid":2458},{"bookingid":498},{"bookingid":2498},{"bookingid":698},{"bookingid":2258},{"bookingid":1214},{"bookingid":1556},{"bookingid":1733},{"bookingid":1641},{"bookingid":1113},{"bookingid":2061},{"bookingid":269},{"bookingid":1643},{"bookingid":360},{"bookingid":539},{"bookingid":199},{"bookingid":2011},{"bookingid":2173},{"bookingid":851},{"bookingid":474},{"bookingid":1672},{"bookingid":1966},{"bookingid":189},{"bookingid":1870},{"bookingid":595},{"bookingid":1082},{"bookingid":885},{"bookingid":710},{"bookingid":2227},{"bookingid":1990},{"bookingid":2521},{"bookingid":524},{"bookingid":1093},{"bookingid":1204},{"bookingid":1297},{"bookingid":212},{"bookingid":2181},{"bookingid":653},{"bookingid":2081},{"bookingid":2064},{"bookingid":641},{"bookingid":2646},{"bookingid":2025},{"bookingid":2570},{"bookingid":2412},{"bookingid":2601},{"bookingid":943},{"bookingid":2189},{"bookingid":2673},{"bookingid":1308},{"bookingid":55},{"bookingid":167},{"bookingid":2162},{"bookingid":588},{"bookingid":2233},{"bookingid":1829},{"bookingid":1997},{"bookingid":2092},{"bookingid":2223},{"bookingid":824},{"bookingid":1776},{"bookingid":1874},{"bookingid":1464},{"bookingid":728},{"bookingid":2602},{"bookingid":452},{"bookingid":2666},{"bookingid":1648},{"bookingid":2438},{"bookingid":1617},{"bookingid":937},{"bookingid":2653},{"bookingid":250},{"bookingid":75},{"bookingid":1477},{"bookingid":805},{"bookingid":886},{"bookingid":185},{"bookingid":2024},{"bookingid":2556},{"bookingid":2057},{"bookingid":143},{"bookingid":727},{"bookingid":2326},{"bookingid":1797},{"bookingid":1391},{"bookingid":1709},{"bookingid":1886},{"bookingid":458},{"bookingid":587},{"bookingid":2241},{"bookingid":1442},{"bookingid":2332},{"bookingid":344},{"bookingid":1125},{"bookingid":1222},{"bookingid":53},{"bookingid":2408},{"bookingid":830},{"bookingid":1375},{"bookingid":1631},{"bookingid":384},{"bookingid":1625},{"bookingid":822},{"bookingid":798},{"bookingid":995},{"bookingid":809},{"bookingid":782}]</msg>
<arg>${response.text}</arg>
<doc>Logs the given message with the given level.</doc>
<status status="PASS" start="2024-06-14T19:47:04.714020" elapsed="0.000000"/>
</kw>
<kw name="Should Be True" owner="BuiltIn">
<arg>${response.ok}</arg>
<doc>Fails if the given condition is not true.</doc>
<status status="PASS" start="2024-06-14T19:47:04.714020" elapsed="0.000000"/>
</kw>
<kw name="Should Be Equal As Strings" owner="BuiltIn">
<msg time="2024-06-14T19:47:04.714020" level="INFO">Argument types are:
&lt;class 'int'&gt;
&lt;class 'str'&gt;</msg>
<arg>${response.status_code}</arg>
<arg>200</arg>
<doc>Fails if objects are unequal after converting them to strings.</doc>
<status status="PASS" start="2024-06-14T19:47:04.714020" elapsed="0.000000"/>
</kw>
<status status="PASS" start="2024-06-14T19:47:03.821438" elapsed="0.892582"/>
</test>
<test id="s1-t2" name="Consultando as reservas cadastradas com status 400" line="11">
<kw name="GET" owner="RequestsLibrary">
<msg time="2024-06-14T19:47:05.526693" level="INFO">GET Request : url=https://restful-booker.herokuapp.com/booking 
 path_url=/booking 
 headers={'User-Agent': 'python-requests/2.32.3', 'Accept-Encoding': 'gzip, deflate', 'Accept': '*/*', 'Connection': 'keep-alive'} 
 body=None 
 </msg>
<msg time="2024-06-14T19:47:05.526693" level="INFO">GET Response : url=https://restful-booker.herokuapp.com/booking 
 status=200, reason=OK 
 headers={'Server': 'Cowboy', 'Report-To': '{"group":"heroku-nel","max_age":3600,"endpoints":[{"url":"https://nel.heroku.com/reports?ts=1718405225&amp;sid=c46efe9b-d3d2-4a0c-8c76-bfafa16c5add&amp;s=hiQ1lcxVonNP4mX3q%2BN6oBYMxZ7PjRwybEiQqYOk8Ys%3D"}]}', 'Reporting-Endpoints': 'heroku-nel=https://nel.heroku.com/reports?ts=1718405225&amp;sid=c46efe9b-d3d2-4a0c-8c76-bfafa16c5add&amp;s=hiQ1lcxVonNP4mX3q%2BN6oBYMxZ7PjRwybEiQqYOk8Ys%3D', 'Nel': '{"report_to":"heroku-nel","max_age":3600,"success_fraction":0.005,"failure_fraction":0.05,"response_headers":["Via"]}', 'Connection': 'keep-alive', 'X-Powered-By': 'Express', 'Content-Type': 'application/json; charset=utf-8', 'Content-Length': '35033', 'Etag': 'W/"88d9-19kVTy2ataD1QTI8rzm0Frun7u8"', 'Date': 'Fri, 14 Jun 2024 22:47:05 GMT', 'Via': '1.1 vegur'} 
 body=[{"bookingid":16},{"bookingid":1806},{"bookingid":494},{"bookingid":20},{"bookingid":2685},{"bookingid":278},{"bookingid":1511},{"bookingid":2359},{"bookingid":305},{"bookingid":906},{"bookingid":1226},{"bookingid":1545},{"bookingid":186},{"bookingid":2460},{"bookingid":2375},{"bookingid":620},{"bookingid":513},{"bookingid":80},{"bookingid":2524},{"bookingid":413},{"bookingid":141},{"bookingid":252},{"bookingid":1852},{"bookingid":115},{"bookingid":1578},{"bookingid":651},{"bookingid":2314},{"bookingid":1515},{"bookingid":1579},{"bookingid":156},{"bookingid":2108},{"bookingid":470},{"bookingid":1527},{"bookingid":1939},{"bookingid":2391},{"bookingid":38},{"bookingid":2467},{"bookingid":1275},{"bookingid":1433},{"bookingid":1141},{"bookingid":2197},{"bookingid":2486},{"bookingid":1030},{"bookingid":1044},{"bookingid":1958},{"bookingid":2718},{"bookingid":2421},{"bookingid":1969},{"bookingid":708},{"bookingid":1024},{"bookingid":731},{"bookingid":1560},{"bookingid":1273},{"bookingid":632},{"bookingid":308},{"bookingid":499},{"bookingid":1289},{"bookingid":2473},{"bookingid":2303},{"bookingid":2230},{"bookingid":776},{"bookingid":598},{"bookingid":1680},{"bookingid":2346},{"bookingid":357},{"bookingid":770},{"bookingid":1765},{"bookingid":1933},{"bookingid":1350},{"bookingid":96},{"bookingid":2517},{"bookingid":259},{"bookingid":715},{"bookingid":2047},{"bookingid":868},{"bookingid":2560},{"bookingid":440},{"bookingid":2259},{"bookingid":2379},{"bookingid":1998},{"bookingid":1834},{"bookingid":268},{"bookingid":2037},{"bookingid":279},{"bookingid":1659},{"bookingid":1175},{"bookingid":1816},{"bookingid":994},{"bookingid":1276},{"bookingid":2151},{"bookingid":2249},{"bookingid":1550},{"bookingid":2167},{"bookingid":1960},{"bookingid":1261},{"bookingid":1531},{"bookingid":328},{"bookingid":893},{"bookingid":894},{"bookingid":1907},{"bookingid":535},{"bookingid":814},{"bookingid":1248},{"bookingid":775},{"bookingid":56},{"bookingid":1329},{"bookingid":2572},{"bookingid":273},{"bookingid":1349},{"bookingid":260},{"bookingid":2146},{"bookingid":1922},{"bookingid":1366},{"bookingid":2345},{"bookingid":1353},{"bookingid":644},{"bookingid":1708},{"bookingid":489},{"bookingid":336},{"bookingid":24},{"bookingid":2511},{"bookingid":1587},{"bookingid":842},{"bookingid":420},{"bookingid":2287},{"bookingid":2722},{"bookingid":646},{"bookingid":852},{"bookingid":2662},{"bookingid":534},{"bookingid":1038},{"bookingid":2682},{"bookingid":1296},{"bookingid":39},{"bookingid":10},{"bookingid":801},{"bookingid":412},{"bookingid":178},{"bookingid":986},{"bookingid":1192},{"bookingid":2199},{"bookingid":873},{"bookingid":1268},{"bookingid":2255},{"bookingid":1769},{"bookingid":2065},{"bookingid":1501},{"bookingid":1313},{"bookingid":428},{"bookingid":720},{"bookingid":1088},{"bookingid":2007},{"bookingid":2203},{"bookingid":573},{"bookingid":1559},{"bookingid":1822},{"bookingid":1221},{"bookingid":919},{"bookingid":1183},{"bookingid":25},{"bookingid":1427},{"bookingid":1266},{"bookingid":1187},{"bookingid":2269},{"bookingid":42},{"bookingid":109},{"bookingid":2226},{"bookingid":2628},{"bookingid":1014},{"bookingid":626},{"bookingid":1077},{"bookingid":1726},{"bookingid":79},{"bookingid":41},{"bookingid":521},{"bookingid":231},{"bookingid":743},{"bookingid":575},{"bookingid":1570},{"bookingid":1535},{"bookingid":1251},{"bookingid":762},{"bookingid":985},{"bookingid":838},{"bookingid":2468},{"bookingid":2349},{"bookingid":253},{"bookingid":1637},{"bookingid":1167},{"bookingid":547},{"bookingid":1381},{"bookingid":1490},{"bookingid":1704},{"bookingid":2583},{"bookingid":1700},{"bookingid":543},{"bookingid":1657},{"bookingid":304},{"bookingid":2000},{"bookingid":1103},{"bookingid":936},{"bookingid":435},{"bookingid":2339},{"bookingid":509},{"bookingid":1298},{"bookingid":605},{"bookingid":530},{"bookingid":1996},{"bookingid":233},{"bookingid":2519},{"bookingid":1920},{"bookingid":2514},{"bookingid":683},{"bookingid":120},{"bookingid":978},{"bookingid":2240},{"bookingid":1237},{"bookingid":1120},{"bookingid":1493},{"bookingid":2474},{"bookingid":1948},{"bookingid":2442},{"bookingid":1036},{"bookingid":1080},{"bookingid":554},{"bookingid":1621},{"bookingid":1390},{"bookingid":746},{"bookingid":1512},{"bookingid":62},{"bookingid":1539},{"bookingid":197},{"bookingid":1354},{"bookingid":2265},{"bookingid":1607},{"bookingid":1421},{"bookingid":2656},{"bookingid":773},{"bookingid":2017},{"bookingid":179},{"bookingid":2699},{"bookingid":2434},{"bookingid":291},{"bookingid":1174},{"bookingid":1070},{"bookingid":91},{"bookingid":1235},{"bookingid":1281},{"bookingid":95},{"bookingid":2070},{"bookingid":447},{"bookingid":2378},{"bookingid":2706},{"bookingid":716},{"bookingid":309},{"bookingid":1057},{"bookingid":125},{"bookingid":146},{"bookingid":83},{"bookingid":473},{"bookingid":1407},{"bookingid":546},{"bookingid":2632},{"bookingid":1063},{"bookingid":689},{"bookingid":2290},{"bookingid":1856},{"bookingid":1021},{"bookingid":2005},{"bookingid":1247},{"bookingid":2232},{"bookingid":2288},{"bookingid":1664},{"bookingid":1252},{"bookingid":1355},{"bookingid":246},{"bookingid":2131},{"bookingid":1277},{"bookingid":191},{"bookingid":1481},{"bookingid":1668},{"bookingid":1411},{"bookingid":322},{"bookingid":1703},{"bookingid":1392},{"bookingid":678},{"bookingid":1610},{"bookingid":2620},{"bookingid":1738},{"bookingid":1883},{"bookingid":956},{"bookingid":294},{"bookingid":2445},{"bookingid":2636},{"bookingid":649},{"bookingid":1646},{"bookingid":1873},{"bookingid":1840},{"bookingid":1311},{"bookingid":1751},{"bookingid":2157},{"bookingid":2596},{"bookingid":1348},{"bookingid":1773},{"bookingid":1142},{"bookingid":695},{"bookingid":1768},{"bookingid":1783},{"bookingid":599},{"bookingid":2250},{"bookingid":617},{"bookingid":1466},{"bookingid":1955},{"bookingid":211},{"bookingid":272},{"bookingid":1195},{"bookingid":316},{"bookingid":502},{"bookingid":2667},{"bookingid":1423},{"bookingid":2372},{"bookingid":1777},{"bookingid":950},{"bookingid":723},{"bookingid":1032},{"bookingid":1802},{"bookingid":2122},{"bookingid":73},{"bookingid":113},{"bookingid":461},{"bookingid":12},{"bookingid":1790},{"bookingid":504},{"bookingid":523},{"bookingid":858},{"bookingid":107},{"bookingid":1424},{"bookingid":663},{"bookingid":52},{"bookingid":281},{"bookingid":1858},{"bookingid":1491},{"bookingid":691},{"bookingid":1487},{"bookingid":1233},{"bookingid":1171},{"bookingid":1470},{"bookingid":1067},{"bookingid":732},{"bookingid":2676},{"bookingid":1622},{"bookingid":1165},{"bookingid":571},{"bookingid":193},{"bookingid":2470},{"bookingid":1339},{"bookingid":1078},{"bookingid":1238},{"bookingid":1507},{"bookingid":2499},{"bookingid":2192},{"bookingid":561},{"bookingid":2428},{"bookingid":2694},{"bookingid":1638},{"bookingid":441},{"bookingid":652},{"bookingid":2672},{"bookingid":1629},{"bookingid":738},{"bookingid":570},{"bookingid":2083},{"bookingid":144},{"bookingid":1069},{"bookingid":1650},{"bookingid":1086},{"bookingid":952},{"bookingid":363},{"bookingid":766},{"bookingid":749},{"bookingid":1096},{"bookingid":1318},{"bookingid":2573},{"bookingid":2039},{"bookingid":2397},{"bookingid":133},{"bookingid":718},{"bookingid":514},{"bookingid":501},{"bookingid":2502},{"bookingid":261},{"bookingid":2429},{"bookingid":763},{"bookingid":2308},{"bookingid":2497},{"bookingid":480},{"bookingid":2139},{"bookingid":1026},{"bookingid":76},{"bookingid":1341},{"bookingid":1542},{"bookingid":1839},{"bookingid":140},{"bookingid":1846},{"bookingid":369},{"bookingid":1015},{"bookingid":374},{"bookingid":2285},{"bookingid":680},{"bookingid":1818},{"bookingid":331},{"bookingid":483},{"bookingid":1210},{"bookingid":1472},{"bookingid":2082},{"bookingid":681},{"bookingid":306},{"bookingid":136},{"bookingid":1403},{"bookingid":1864},{"bookingid":671},{"bookingid":451},{"bookingid":126},{"bookingid":2238},{"bookingid":1616},{"bookingid":2176},{"bookingid":72},{"bookingid":2407},{"bookingid":2075},{"bookingid":1495},{"bookingid":2036},{"bookingid":991},{"bookingid":19},{"bookingid":703},{"bookingid":2437},{"bookingid":823},{"bookingid":1022},{"bookingid":1107},{"bookingid":1757},{"bookingid":2492},{"bookingid":162},{"bookingid":240},{"bookingid":226},{"bookingid":2652},{"bookingid":1917},{"bookingid":288},{"bookingid":1213},{"bookingid":2465},{"bookingid":172},{"bookingid":669},{"bookingid":2385},{"bookingid":750},{"bookingid":151},{"bookingid":702},{"bookingid":1975},{"bookingid":1716},{"bookingid":2688},{"bookingid":1010},{"bookingid":1750},{"bookingid":1158},{"bookingid":1090},{"bookingid":439},{"bookingid":970},{"bookingid":61},{"bookingid":1439},{"bookingid":2668},{"bookingid":2013},{"bookingid":2352},{"bookingid":1201},{"bookingid":1562},{"bookingid":44},{"bookingid":1934},{"bookingid":1270},{"bookingid":377},{"bookingid":2320},{"bookingid":2541},{"bookingid":1400},{"bookingid":2530},{"bookingid":1500},{"bookingid":1190},{"bookingid":2618},{"bookingid":1781},{"bookingid":1665},{"bookingid":968},{"bookingid":1459},{"bookingid":1287},{"bookingid":781},{"bookingid":1760},{"bookingid":1957},{"bookingid":527},{"bookingid":2247},{"bookingid":563},{"bookingid":2042},{"bookingid":187},{"bookingid":622},{"bookingid":1832},{"bookingid":867},{"bookingid":1905},{"bookingid":54},{"bookingid":2365},{"bookingid":2485},{"bookingid":788},{"bookingid":2028},{"bookingid":953},{"bookingid":1234},{"bookingid":1849},{"bookingid":469},{"bookingid":666},{"bookingid":965},{"bookingid":884},{"bookingid":1684},{"bookingid":2639},{"bookingid":581},{"bookingid":2364},{"bookingid":623},{"bookingid":2336},{"bookingid":2044},{"bookingid":929},{"bookingid":2712},{"bookingid":2540},{"bookingid":1710},{"bookingid":565},{"bookingid":1332},{"bookingid":225},{"bookingid":400},{"bookingid":960},{"bookingid":1660},{"bookingid":2063},{"bookingid":2678},{"bookingid":2136},{"bookingid":149},{"bookingid":756},{"bookingid":1972},{"bookingid":339},{"bookingid":1406},{"bookingid":552},{"bookingid":1935},{"bookingid":2709},{"bookingid":463... (set the log level to DEBUG or TRACE to see the full content) 
 </msg>
<msg time="2024-06-14T19:47:05.526693" level="INFO">${response} = &lt;Response [200]&gt;</msg>
<var>${response}</var>
<arg>https://restful-booker.herokuapp.com/booking</arg>
<doc>Sends a GET request.</doc>
<status status="PASS" start="2024-06-14T19:47:04.714020" elapsed="0.812673"/>
</kw>
<kw name="Log" owner="BuiltIn">
<msg time="2024-06-14T19:47:05.526693" level="INFO">[{"bookingid":16},{"bookingid":1806},{"bookingid":494},{"bookingid":20},{"bookingid":2685},{"bookingid":278},{"bookingid":1511},{"bookingid":2359},{"bookingid":305},{"bookingid":906},{"bookingid":1226},{"bookingid":1545},{"bookingid":186},{"bookingid":2460},{"bookingid":2375},{"bookingid":620},{"bookingid":513},{"bookingid":80},{"bookingid":2524},{"bookingid":413},{"bookingid":141},{"bookingid":252},{"bookingid":1852},{"bookingid":115},{"bookingid":1578},{"bookingid":651},{"bookingid":2314},{"bookingid":1515},{"bookingid":1579},{"bookingid":156},{"bookingid":2108},{"bookingid":470},{"bookingid":1527},{"bookingid":1939},{"bookingid":2391},{"bookingid":38},{"bookingid":2467},{"bookingid":1275},{"bookingid":1433},{"bookingid":1141},{"bookingid":2197},{"bookingid":2486},{"bookingid":1030},{"bookingid":1044},{"bookingid":1958},{"bookingid":2718},{"bookingid":2421},{"bookingid":1969},{"bookingid":708},{"bookingid":1024},{"bookingid":731},{"bookingid":1560},{"bookingid":1273},{"bookingid":632},{"bookingid":308},{"bookingid":499},{"bookingid":1289},{"bookingid":2473},{"bookingid":2303},{"bookingid":2230},{"bookingid":776},{"bookingid":598},{"bookingid":1680},{"bookingid":2346},{"bookingid":357},{"bookingid":770},{"bookingid":1765},{"bookingid":1933},{"bookingid":1350},{"bookingid":96},{"bookingid":2517},{"bookingid":259},{"bookingid":715},{"bookingid":2047},{"bookingid":868},{"bookingid":2560},{"bookingid":440},{"bookingid":2259},{"bookingid":2379},{"bookingid":1998},{"bookingid":1834},{"bookingid":268},{"bookingid":2037},{"bookingid":279},{"bookingid":1659},{"bookingid":1175},{"bookingid":1816},{"bookingid":994},{"bookingid":1276},{"bookingid":2151},{"bookingid":2249},{"bookingid":1550},{"bookingid":2167},{"bookingid":1960},{"bookingid":1261},{"bookingid":1531},{"bookingid":328},{"bookingid":893},{"bookingid":894},{"bookingid":1907},{"bookingid":535},{"bookingid":814},{"bookingid":1248},{"bookingid":775},{"bookingid":56},{"bookingid":1329},{"bookingid":2572},{"bookingid":273},{"bookingid":1349},{"bookingid":260},{"bookingid":2146},{"bookingid":1922},{"bookingid":1366},{"bookingid":2345},{"bookingid":1353},{"bookingid":644},{"bookingid":1708},{"bookingid":489},{"bookingid":336},{"bookingid":24},{"bookingid":2511},{"bookingid":1587},{"bookingid":842},{"bookingid":420},{"bookingid":2287},{"bookingid":2722},{"bookingid":646},{"bookingid":852},{"bookingid":2662},{"bookingid":534},{"bookingid":1038},{"bookingid":2682},{"bookingid":1296},{"bookingid":39},{"bookingid":10},{"bookingid":801},{"bookingid":412},{"bookingid":178},{"bookingid":986},{"bookingid":1192},{"bookingid":2199},{"bookingid":873},{"bookingid":1268},{"bookingid":2255},{"bookingid":1769},{"bookingid":2065},{"bookingid":1501},{"bookingid":1313},{"bookingid":428},{"bookingid":720},{"bookingid":1088},{"bookingid":2007},{"bookingid":2203},{"bookingid":573},{"bookingid":1559},{"bookingid":1822},{"bookingid":1221},{"bookingid":919},{"bookingid":1183},{"bookingid":25},{"bookingid":1427},{"bookingid":1266},{"bookingid":1187},{"bookingid":2269},{"bookingid":42},{"bookingid":109},{"bookingid":2226},{"bookingid":2628},{"bookingid":1014},{"bookingid":626},{"bookingid":1077},{"bookingid":1726},{"bookingid":79},{"bookingid":41},{"bookingid":521},{"bookingid":231},{"bookingid":743},{"bookingid":575},{"bookingid":1570},{"bookingid":1535},{"bookingid":1251},{"bookingid":762},{"bookingid":985},{"bookingid":838},{"bookingid":2468},{"bookingid":2349},{"bookingid":253},{"bookingid":1637},{"bookingid":1167},{"bookingid":547},{"bookingid":1381},{"bookingid":1490},{"bookingid":1704},{"bookingid":2583},{"bookingid":1700},{"bookingid":543},{"bookingid":1657},{"bookingid":304},{"bookingid":2000},{"bookingid":1103},{"bookingid":936},{"bookingid":435},{"bookingid":2339},{"bookingid":509},{"bookingid":1298},{"bookingid":605},{"bookingid":530},{"bookingid":1996},{"bookingid":233},{"bookingid":2519},{"bookingid":1920},{"bookingid":2514},{"bookingid":683},{"bookingid":120},{"bookingid":978},{"bookingid":2240},{"bookingid":1237},{"bookingid":1120},{"bookingid":1493},{"bookingid":2474},{"bookingid":1948},{"bookingid":2442},{"bookingid":1036},{"bookingid":1080},{"bookingid":554},{"bookingid":1621},{"bookingid":1390},{"bookingid":746},{"bookingid":1512},{"bookingid":62},{"bookingid":1539},{"bookingid":197},{"bookingid":1354},{"bookingid":2265},{"bookingid":1607},{"bookingid":1421},{"bookingid":2656},{"bookingid":773},{"bookingid":2017},{"bookingid":179},{"bookingid":2699},{"bookingid":2434},{"bookingid":291},{"bookingid":1174},{"bookingid":1070},{"bookingid":91},{"bookingid":1235},{"bookingid":1281},{"bookingid":95},{"bookingid":2070},{"bookingid":447},{"bookingid":2378},{"bookingid":2706},{"bookingid":716},{"bookingid":309},{"bookingid":1057},{"bookingid":125},{"bookingid":146},{"bookingid":83},{"bookingid":473},{"bookingid":1407},{"bookingid":546},{"bookingid":2632},{"bookingid":1063},{"bookingid":689},{"bookingid":2290},{"bookingid":1856},{"bookingid":1021},{"bookingid":2005},{"bookingid":1247},{"bookingid":2232},{"bookingid":2288},{"bookingid":1664},{"bookingid":1252},{"bookingid":1355},{"bookingid":246},{"bookingid":2131},{"bookingid":1277},{"bookingid":191},{"bookingid":1481},{"bookingid":1668},{"bookingid":1411},{"bookingid":322},{"bookingid":1703},{"bookingid":1392},{"bookingid":678},{"bookingid":1610},{"bookingid":2620},{"bookingid":1738},{"bookingid":1883},{"bookingid":956},{"bookingid":294},{"bookingid":2445},{"bookingid":2636},{"bookingid":649},{"bookingid":1646},{"bookingid":1873},{"bookingid":1840},{"bookingid":1311},{"bookingid":1751},{"bookingid":2157},{"bookingid":2596},{"bookingid":1348},{"bookingid":1773},{"bookingid":1142},{"bookingid":695},{"bookingid":1768},{"bookingid":1783},{"bookingid":599},{"bookingid":2250},{"bookingid":617},{"bookingid":1466},{"bookingid":1955},{"bookingid":211},{"bookingid":272},{"bookingid":1195},{"bookingid":316},{"bookingid":502},{"bookingid":2667},{"bookingid":1423},{"bookingid":2372},{"bookingid":1777},{"bookingid":950},{"bookingid":723},{"bookingid":1032},{"bookingid":1802},{"bookingid":2122},{"bookingid":73},{"bookingid":113},{"bookingid":461},{"bookingid":12},{"bookingid":1790},{"bookingid":504},{"bookingid":523},{"bookingid":858},{"bookingid":107},{"bookingid":1424},{"bookingid":663},{"bookingid":52},{"bookingid":281},{"bookingid":1858},{"bookingid":1491},{"bookingid":691},{"bookingid":1487},{"bookingid":1233},{"bookingid":1171},{"bookingid":1470},{"bookingid":1067},{"bookingid":732},{"bookingid":2676},{"bookingid":1622},{"bookingid":1165},{"bookingid":571},{"bookingid":193},{"bookingid":2470},{"bookingid":1339},{"bookingid":1078},{"bookingid":1238},{"bookingid":1507},{"bookingid":2499},{"bookingid":2192},{"bookingid":561},{"bookingid":2428},{"bookingid":2694},{"bookingid":1638},{"bookingid":441},{"bookingid":652},{"bookingid":2672},{"bookingid":1629},{"bookingid":738},{"bookingid":570},{"bookingid":2083},{"bookingid":144},{"bookingid":1069},{"bookingid":1650},{"bookingid":1086},{"bookingid":952},{"bookingid":363},{"bookingid":766},{"bookingid":749},{"bookingid":1096},{"bookingid":1318},{"bookingid":2573},{"bookingid":2039},{"bookingid":2397},{"bookingid":133},{"bookingid":718},{"bookingid":514},{"bookingid":501},{"bookingid":2502},{"bookingid":261},{"bookingid":2429},{"bookingid":763},{"bookingid":2308},{"bookingid":2497},{"bookingid":480},{"bookingid":2139},{"bookingid":1026},{"bookingid":76},{"bookingid":1341},{"bookingid":1542},{"bookingid":1839},{"bookingid":140},{"bookingid":1846},{"bookingid":369},{"bookingid":1015},{"bookingid":374},{"bookingid":2285},{"bookingid":680},{"bookingid":1818},{"bookingid":331},{"bookingid":483},{"bookingid":1210},{"bookingid":1472},{"bookingid":2082},{"bookingid":681},{"bookingid":306},{"bookingid":136},{"bookingid":1403},{"bookingid":1864},{"bookingid":671},{"bookingid":451},{"bookingid":126},{"bookingid":2238},{"bookingid":1616},{"bookingid":2176},{"bookingid":72},{"bookingid":2407},{"bookingid":2075},{"bookingid":1495},{"bookingid":2036},{"bookingid":991},{"bookingid":19},{"bookingid":703},{"bookingid":2437},{"bookingid":823},{"bookingid":1022},{"bookingid":1107},{"bookingid":1757},{"bookingid":2492},{"bookingid":162},{"bookingid":240},{"bookingid":226},{"bookingid":2652},{"bookingid":1917},{"bookingid":288},{"bookingid":1213},{"bookingid":2465},{"bookingid":172},{"bookingid":669},{"bookingid":2385},{"bookingid":750},{"bookingid":151},{"bookingid":702},{"bookingid":1975},{"bookingid":1716},{"bookingid":2688},{"bookingid":1010},{"bookingid":1750},{"bookingid":1158},{"bookingid":1090},{"bookingid":439},{"bookingid":970},{"bookingid":61},{"bookingid":1439},{"bookingid":2668},{"bookingid":2013},{"bookingid":2352},{"bookingid":1201},{"bookingid":1562},{"bookingid":44},{"bookingid":1934},{"bookingid":1270},{"bookingid":377},{"bookingid":2320},{"bookingid":2541},{"bookingid":1400},{"bookingid":2530},{"bookingid":1500},{"bookingid":1190},{"bookingid":2618},{"bookingid":1781},{"bookingid":1665},{"bookingid":968},{"bookingid":1459},{"bookingid":1287},{"bookingid":781},{"bookingid":1760},{"bookingid":1957},{"bookingid":527},{"bookingid":2247},{"bookingid":563},{"bookingid":2042},{"bookingid":187},{"bookingid":622},{"bookingid":1832},{"bookingid":867},{"bookingid":1905},{"bookingid":54},{"bookingid":2365},{"bookingid":2485},{"bookingid":788},{"bookingid":2028},{"bookingid":953},{"bookingid":1234},{"bookingid":1849},{"bookingid":469},{"bookingid":666},{"bookingid":965},{"bookingid":884},{"bookingid":1684},{"bookingid":2639},{"bookingid":581},{"bookingid":2364},{"bookingid":623},{"bookingid":2336},{"bookingid":2044},{"bookingid":929},{"bookingid":2712},{"bookingid":2540},{"bookingid":1710},{"bookingid":565},{"bookingid":1332},{"bookingid":225},{"bookingid":400},{"bookingid":960},{"bookingid":1660},{"bookingid":2063},{"bookingid":2678},{"bookingid":2136},{"bookingid":149},{"bookingid":756},{"bookingid":1972},{"bookingid":339},{"bookingid":1406},{"bookingid":552},{"bookingid":1935},{"bookingid":2709},{"bookingid":463},{"bookingid":313},{"bookingid":2184},{"bookingid":1162},{"bookingid":2537},{"bookingid":2675},{"bookingid":1923},{"bookingid":77},{"bookingid":2243},{"bookingid":1288},{"bookingid":922},{"bookingid":2478},{"bookingid":1740},{"bookingid":1317},{"bookingid":964},{"bookingid":757},{"bookingid":2344},{"bookingid":1530},{"bookingid":1159},{"bookingid":2389},{"bookingid":2270},{"bookingid":2480},{"bookingid":2548},{"bookingid":579},{"bookingid":495},{"bookingid":1071},{"bookingid":987},{"bookingid":1412},{"bookingid":66},{"bookingid":1114},{"bookingid":2606},{"bookingid":2117},{"bookingid":2663},{"bookingid":1951},{"bookingid":1129},{"bookingid":1977},{"bookingid":2516},{"bookingid":1904},{"bookingid":2104},{"bookingid":1813},{"bookingid":117},{"bookingid":1306},{"bookingid":616},{"bookingid":1335},{"bookingid":2212},{"bookingid":1324},{"bookingid":1510},{"bookingid":460},{"bookingid":87},{"bookingid":1447},{"bookingid":206},{"bookingid":433},{"bookingid":2650},{"bookingid":2615},{"bookingid":2576},{"bookingid":780},{"bookingid":672},{"bookingid":1522},{"bookingid":2605},{"bookingid":658},{"bookingid":2482},{"bookingid":2719},{"bookingid":13},{"bookingid":2001},{"bookingid":2116},{"bookingid":274},{"bookingid":31},{"bookingid":751},{"bookingid":1903},{"bookingid":2074},{"bookingid":2400},{"bookingid":2038},{"bookingid":1675},{"bookingid":338},{"bookingid":1992},{"bookingid":947},{"bookingid":1083},{"bookingid":1405},{"bookingid":104},{"bookingid":343},{"bookingid":1384},{"bookingid":2446},{"bookingid":2103},{"bookingid":1065},{"bookingid":2447},{"bookingid":122},{"bookingid":490},{"bookingid":1037},{"bookingid":1861},{"bookingid":2165},{"bookingid":1517},{"bookingid":2293},{"bookingid":569},{"bookingid":2396},{"bookingid":508},{"bookingid":318},{"bookingid":1867},{"bookingid":558},{"bookingid":2382},{"bookingid":819},{"bookingid":1698},{"bookingid":2},{"bookingid":792},{"bookingid":1052},{"bookingid":2335},{"bookingid":1163},{"bookingid":424},{"bookingid":764},{"bookingid":853},{"bookingid":2409},{"bookingid":1633},{"bookingid":2589},{"bookingid":2209},{"bookingid":2294},{"bookingid":2351},{"bookingid":1688},{"bookingid":1243},{"bookingid":1882},{"bookingid":2093},{"bookingid":1945},{"bookingid":1358},{"bookingid":1706},{"bookingid":319},{"bookingid":1718},{"bookingid":1693},{"bookingid":2091},{"bookingid":1218},{"bookingid":1742},{"bookingid":2452},{"bookingid":180},{"bookingid":1003},{"bookingid":1486},{"bookingid":1712},{"bookingid":18},{"bookingid":921},{"bookingid":1872},{"bookingid":848},{"bookingid":1762},{"bookingid":2657},{"bookingid":1299},{"bookingid":85},{"bookingid":29},{"bookingid":385},{"bookingid":2638},{"bookingid":1649},{"bookingid":234},{"bookingid":116},{"bookingid":1681},{"bookingid":2208},{"bookingid":1744},{"bookingid":2360},{"bookingid":1692},{"bookingid":5},{"bookingid":2631},{"bookingid":1875},{"bookingid":1986},{"bookingid":280},{"bookingid":327},{"bookingid":264},{"bookingid":2018},{"bookingid":2562},{"bookingid":2343},{"bookingid":60},{"bookingid":2714},{"bookingid":2426},{"bookingid":753},{"bookingid":1604},{"bookingid":1678},{"bookingid":631},{"bookingid":468},{"bookingid":394},{"bookingid":1005},{"bookingid":2283},{"bookingid":150},{"bookingid":976},{"bookingid":171},{"bookingid":2350},{"bookingid":2430},{"bookingid":1127},{"bookingid":659},{"bookingid":1634},{"bookingid":1429},{"bookingid":903},{"bookingid":880},{"bookingid":1471},{"bookingid":366},{"bookingid":334},{"bookingid":102},{"bookingid":2310},{"bookingid":2261},{"bookingid":163},{"bookingid":2433},{"bookingid":1176},{"bookingid":2156},{"bookingid":1368},{"bookingid":2149},{"bookingid":557},{"bookingid":1583},{"bookingid":1018},{"bookingid":2072},{"bookingid":1134},{"bookingid":1419},{"bookingid":2235},{"bookingid":1686},{"bookingid":1652},{"bookingid":931},{"bookingid":2356},{"bookingid":2319},{"bookingid":1887},{"bookingid":2642},{"bookingid":137},{"bookingid":1331},{"bookingid":1869},{"bookingid":1300},{"bookingid":1269},{"bookingid":182},{"bookingid":1908},{"bookingid":2402},{"bookingid":236},{"bookingid":1416},{"bookingid":1828},{"bookingid":803},{"bookingid":1571},{"bookingid":407},{"bookingid":2141},{"bookingid":1788},{"bookingid":152},{"bookingid":2546},{"bookingid":1724},{"bookingid":2436},{"bookingid":2329},{"bookingid":1232},{"bookingid":9},{"bookingid":403},{"bookingid":1293},{"bookingid":2302},{"bookingid":821},{"bookingid":1793},{"bookingid":203},{"bookingid":1879},{"bookingid":311},{"bookingid":1679},{"bookingid":1877},{"bookingid":164},{"bookingid":1787},{"bookingid":2009},{"bookingid":786},{"bookingid":542},{"bookingid":145},{"bookingid":2221},{"bookingid":1173},{"bookingid":1426},{"bookingid":391},{"bookingid":1282},{"bookingid":296},{"bookingid":7},{"bookingid":1663},{"bookingid":35},{"bookingid":1150},{"bookingid":765},{"bookingid":2193},{"bookingid":2200},{"bookingid":1117},{"bookingid":2683},{"bookingid":2645},{"bookingid":1029},{"bookingid":222},{"bookingid":1228},{"bookingid":2174},{"bookingid":1889},{"bookingid":1489},{"bookingid":217},{"bookingid":2323},{"bookingid":2362},{"bookingid":111},{"bookingid":1109},{"bookingid":2510},{"bookingid":1687},{"bookingid":2390},{"bookingid":2313},{"bookingid":2281},{"bookingid":1943},{"bookingid":21},{"bookingid":346},{"bookingid":1763},{"bookingid":544},{"bookingid":2557},{"bookingid":67},{"bookingid":446},{"bookingid":2015},{"bookingid":675},{"bookingid":1240},{"bookingid":365},{"bookingid":1035},{"bookingid":1613},{"bookingid":1231},{"bookingid":713},{"bookingid":2476},{"bookingid":1927},{"bookingid":516},{"bookingid":1623},{"bookingid":1051},{"bookingid":1865},{"bookingid":1454},{"bookingid":2086},{"bookingid":2419},{"bookingid":1791},{"bookingid":198},{"bookingid":99},{"bookingid":1413},{"bookingid":1748},{"bookingid":1404},{"bookingid":962},{"bookingid":289},{"bookingid":1796},{"bookingid":747},{"bookingid":1809},{"bookingid":840},{"bookingid":174},{"bookingid":1099},{"bookingid":419},{"bookingid":566},{"bookingid":1186},{"bookingid":755},{"bookingid":2624},{"bookingid":97},{"bookingid":284},{"bookingid":2453},{"bookingid":1544},{"bookingid":1595},{"bookingid":676},{"bookingid":2388},{"bookingid":610},{"bookingid":2367},{"bookingid":1993},{"bookingid":467},{"bookingid":629},{"bookingid":634},{"bookingid":82},{"bookingid":3},{"bookingid":2242},{"bookingid":1930},{"bookingid":159},{"bookingid":2130},{"bookingid":2002},{"bookingid":1612},{"bookingid":2121},{"bookingid":1732},{"bookingid":812},{"bookingid":430},{"bookingid":1949},{"bookingid":627},{"bookingid":2515},{"bookingid":2509},{"bookingid":1380},{"bookingid":23},{"bookingid":553},{"bookingid":837},{"bookingid":426},{"bookingid":1827},{"bookingid":974},{"bookingid":123},{"bookingid":1577},{"bookingid":1179},{"bookingid":1753},{"bookingid":1457},{"bookingid":1814},{"bookingid":1017},{"bookingid":2716},{"bookingid":1640},{"bookingid":1557},{"bookingid":46},{"bookingid":1651},{"bookingid":2051},{"bookingid":977},{"bookingid":1450},{"bookingid":2616},{"bookingid":2729},{"bookingid":1008},{"bookingid":1667},{"bookingid":2457},{"bookingid":434},{"bookingid":1053},{"bookingid":2543},{"bookingid":1591},{"bookingid":454},{"bookingid":1064},{"bookingid":1520},{"bookingid":2268},{"bookingid":2697},{"bookingid":2090},{"bookingid":1853},{"bookingid":429},{"bookingid":905},{"bookingid":1598},{"bookingid":90},{"bookingid":2021},{"bookingid":2651},{"bookingid":1156},{"bookingid":466},{"bookingid":453},{"bookingid":1728},{"bookingid":1824},{"bookingid":1518},{"bookingid":1940},{"bookingid":2190},{"bookingid":1073},{"bookingid":800},{"bookingid":70},{"bookingid":2490},{"bookingid":832},{"bookingid":1586},{"bookingid":2512},{"bookingid":871},{"bookingid":2711},{"bookingid":2166},{"bookingid":2484},{"bookingid":1285},{"bookingid":138},{"bookingid":1325},{"bookingid":63},{"bookingid":359},{"bookingid":1855},{"bookingid":2172},{"bookingid":155},{"bookingid":1302},{"bookingid":1394},{"bookingid":2102},{"bookingid":37},{"bookingid":862},{"bookingid":2587},{"bookingid":2369},{"bookingid":43},{"bookingid":1833},{"bookingid":2275},{"bookingid":665},{"bookingid":779},{"bookingid":1048},{"bookingid":1483},{"bookingid":860},{"bookingid":2032},{"bookingid":2296},{"bookingid":2608},{"bookingid":602},{"bookingid":662},{"bookingid":481},{"bookingid":2462},{"bookingid":418},{"bookingid":1697},{"bookingid":352},{"bookingid":971},{"bookingid":2472},{"bookingid":209},{"bookingid":2105},{"bookingid":2569},{"bookingid":942},{"bookingid":696},{"bookingid":896},{"bookingid":68},{"bookingid":242},{"bookingid":2627},{"bookingid":2681},{"bookingid":810},{"bookingid":1196},{"bookingid":1504},{"bookingid":2696},{"bookingid":1821},{"bookingid":2295},{"bookingid":1305},{"bookingid":372},{"bookingid":457},{"bookingid":2299},{"bookingid":1770},{"bookingid":811},{"bookingid":1254},{"bookingid":1575},{"bookingid":1154},{"bookingid":1002},{"bookingid":1810},{"bookingid":2185},{"bookingid":2597},{"bookingid":2577},{"bookingid":49},{"bookingid":2479},{"bookingid":667},{"bookingid":2153},{"bookingid":1047},{"bookingid":299},{"bookingid":604},{"bookingid":2112},{"bookingid":639},{"bookingid":564},{"bookingid":673},{"bookingid":177},{"bookingid":1105},{"bookingid":1965},{"bookingid":2599},{"bookingid":1338},{"bookingid":2686},{"bookingid":714},{"bookingid":1229},{"bookingid":1106},{"bookingid":1137},{"bookingid":1919},{"bookingid":2507},{"bookingid":1747},{"bookingid":1164},{"bookingid":307},{"bookingid":609},{"bookingid":1253},{"bookingid":815},{"bookingid":476},{"bookingid":2183},{"bookingid":981},{"bookingid":2586},{"bookingid":2418},{"bookingid":927},{"bookingid":266},{"bookingid":6},{"bookingid":392},{"bookingid":2168},{"bookingid":1479},{"bookingid":127},{"bookingid":332},{"bookingid":238},{"bookingid":1736},{"bookingid":1673},{"bookingid":1987},{"bookingid":2291},{"bookingid":1430},{"bookingid":1209},{"bookingid":89},{"bookingid":1212},{"bookingid":1473},{"bookingid":105},{"bookingid":1132},{"bookingid":2621},{"bookingid":975},{"bookingid":701},{"bookingid":2600},{"bookingid":2301},{"bookingid":1042},{"bookingid":129},{"bookingid":2726},{"bookingid":98},{"bookingid":402},{"bookingid":813},{"bookingid":30},{"bookingid":320},{"bookingid":785},{"bookingid":2581},{"bookingid":549},{"bookingid":1567},{"bookingid":2325},{"bookingid":2401},{"bookingid":1062},{"bookingid":711},{"bookingid":1205},{"bookingid":900},{"bookingid":1376},{"bookingid":2422},{"bookingid":1508},{"bookingid":1931},{"bookingid":2322},{"bookingid":1807},{"bookingid":1722},{"bookingid":512},{"bookingid":254},{"bookingid":540},{"bookingid":854},{"bookingid":890},{"bookingid":2702},{"bookingid":69},{"bookingid":1198},{"bookingid":2179},{"bookingid":2443},{"bookingid":916},{"bookingid":1000},{"bookingid":1321},{"bookingid":1606},{"bookingid":1011},{"bookingid":2237},{"bookingid":303},{"bookingid":1569},{"bookingid":733},{"bookingid":139},{"bookingid":643},{"bookingid":1721},{"bookingid":2205},{"bookingid":2120},{"bookingid":2487},{"bookingid":28},{"bookingid":2414},{"bookingid":325},{"bookingid":1851},{"bookingid":64},{"bookingid":2355},{"bookingid":2692},{"bookingid":1016},{"bookingid":1778},{"bookingid":1950},{"bookingid":1436},{"bookingid":1912},{"bookingid":2622},{"bookingid":1741},{"bookingid":1356},{"bookingid":536},{"bookingid":945},{"bookingid":160},{"bookingid":423},{"bookingid":1184},{"bookingid":121},{"bookingid":2547},{"bookingid":2196},{"bookingid":2549},{"bookingid":2095},{"bookingid":1220},{"bookingid":1533},{"bookingid":245},{"bookingid":2218},{"bookingid":1467},{"bookingid":707},{"bookingid":909},{"bookingid":1553},{"bookingid":1283},{"bookingid":944},{"bookingid":2262},{"bookingid":1756},{"bookingid":2495},{"bookingid":717},{"bookingid":1944},{"bookingid":364},{"bookingid":1170},{"bookingid":1485},{"bookingid":2611},{"bookingid":1899},{"bookingid":697},{"bookingid":2215},{"bookingid":1499},{"bookingid":2316},{"bookingid":1451},{"bookingid":249},{"bookingid":216},{"bookingid":2689},{"bookingid":2159},{"bookingid":1465},{"bookingid":2207},{"bookingid":791},{"bookingid":1745},{"bookingid":1800},{"bookingid":258},{"bookingid":1370},{"bookingid":2334},{"bookingid":1916},{"bookingid":1547},{"bookingid":918},{"bookingid":2034},{"bookingid":1004},{"bookingid":1918},{"bookingid":2522},{"bookingid":2427},{"bookingid":2194},{"bookingid":1749},{"bookingid":2274},{"bookingid":2026},{"bookingid":32},{"bookingid":1102},{"bookingid":1347},{"bookingid":351},{"bookingid":2383},{"bookingid":951},{"bookingid":1881},{"bookingid":1956},{"bookingid":1842},{"bookingid":2216},{"bookingid":462},{"bookingid":2123},{"bookingid":58},{"bookingid":1619},{"bookingid":2664},{"bookingid":354},{"bookingid":2612},{"bookingid":2674},{"bookingid":1474},{"bookingid":2566},{"bookingid":2588},{"bookingid":2491},{"bookingid":387},{"bookingid":562},{"bookingid":1492},{"bookingid":1207},{"bookingid":1072},{"bookingid":204},{"bookingid":2040},{"bookingid":342},{"bookingid":1656},{"bookingid":1360},{"bookingid":760},{"bookingid":834},{"bookingid":736},{"bookingid":593},{"bookingid":448},{"bookingid":802},{"bookingid":596},{"bookingid":497},{"bookingid":704},{"bookingid":158},{"bookingid":2277},{"bookingid":2659},{"bookingid":528},{"bookingid":2376},{"bookingid":608},{"bookingid":2630},{"bookingid":1312},{"bookingid":879},{"bookingid":1691},{"bookingid":287},{"bookingid":2680},{"bookingid":831},{"bookingid":292},{"bookingid":1985},{"bookingid":1989},{"bookingid":484},{"bookingid":1386},{"bookingid":1878},{"bookingid":1890},{"bookingid":1056},{"bookingid":1101},{"bookingid":2648},{"bookingid":1420},{"bookingid":533},{"bookingid":88},{"bookingid":1715},{"bookingid":1597},{"bookingid":959},{"bookingid":2052},{"bookingid":347},{"bookingid":2178},{"bookingid":2554},{"bookingid":742},{"bookingid":963},{"bookingid":1906},{"bookingid":1536},{"bookingid":1984},{"bookingid":621},{"bookingid":1494},{"bookingid":1264},{"bookingid":941},{"bookingid":1060},{"bookingid":983},{"bookingid":165},{"bookingid":411},{"bookingid":1645},{"bookingid":847},{"bookingid":1963},{"bookingid":2211},{"bookingid":1970},{"bookingid":2048},{"bookingid":990},{"bookingid":1785},{"bookingid":1895},{"bookingid":2046},{"bookingid":2528},{"bookingid":1087},{"bookingid":1552},{"bookingid":2494},{"bookingid":804},{"bookingid":2535},{"bookingid":1702},{"bookingid":408},{"bookingid":201},{"bookingid":1123},{"bookingid":932},{"bookingid":192},{"bookingid":2309},{"bookingid":2551},{"bookingid":2340},{"bookingid":615},{"bookingid":993},{"bookingid":195},{"bookingid":1432},{"bookingid":1862},{"bookingid":2229},{"bookingid":1764},{"bookingid":1139},{"bookingid":2416},{"bookingid":94},{"bookingid":1529},{"bookingid":2703},{"bookingid":2128},{"bookingid":887},{"bookingid":1262},{"bookingid":2723},{"bookingid":2658},{"bookingid":930},{"bookingid":580},{"bookingid":642},{"bookingid":170},{"bookingid":999},{"bookingid":1242},{"bookingid":1565},{"bookingid":515},{"bookingid":2337},{"bookingid":2246},{"bookingid":477},{"bookingid":2707},{"bookingid":589},{"bookingid":1246},{"bookingid":2088},{"bookingid":1582},{"bookingid":1025},{"bookingid":1837},{"bookingid":735},{"bookingid":2607},{"bookingid":1936},{"bookingid":2315},{"bookingid":2148},{"bookingid":1866},{"bookingid":506},{"bookingid":551},{"bookingid":2022},{"bookingid":996},{"bookingid":2330},{"bookingid":275},{"bookingid":302},{"bookingid":2109},{"bookingid":312},{"bookingid":2403},{"bookingid":656},{"bookingid":51},{"bookingid":902},{"bookingid":1149},{"bookingid":1389},{"bookingid":425},{"bookingid":861},{"bookingid":1734},{"bookingid":2425},{"bookingid":878},{"bookingid":684},{"bookingid":1823},{"bookingid":1372},{"bookingid":2532},{"bookingid":1456},{"bookingid":935},{"bookingid":1327},{"bookingid":2531},{"bookingid":2099},{"bookingid":1462},{"bookingid":1805},{"bookingid":1320},{"bookingid":2504},{"bookingid":378},{"bookingid":1654},{"bookingid":112},{"bookingid":1362},{"bookingid":2455},{"bookingid":48},{"bookingid":1440},{"bookingid":925},{"bookingid":381},{"bookingid":1336},{"bookingid":488},{"bookingid":924},{"bookingid":957},{"bookingid":793},{"bookingid":2579},{"bookingid":1395},{"bookingid":1279},{"bookingid":2459},{"bookingid":345},{"bookingid":393},{"bookingid":1978},{"bookingid":2251},{"bookingid":414},{"bookingid":1982},{"bookingid":2133},{"bookingid":2555},{"bookingid":874},{"bookingid":1180},{"bookingid":910},{"bookingid":827},{"bookingid":1050},{"bookingid":57},{"bookingid":2304},{"bookingid":2135},{"bookingid":1737},{"bookingid":730},{"bookingid":1094},{"bookingid":628},{"bookingid":1153},{"bookingid":1202},{"bookingid":682},{"bookingid":267},{"bookingid":1563},{"bookingid":1836},{"bookingid":1599},{"bookingid":1453},{"bookingid":1611},{"bookingid":2590},{"bookingid":14},{"bookingid":614},{"bookingid":686},{"bookingid":1942},{"bookingid":2143},{"bookingid":2154},{"bookingid":1725},{"bookingid":1151},{"bookingid":2160},{"bookingid":1600},{"bookingid":2053},{"bookingid":232},{"bookingid":2701},{"bookingid":982},{"bookingid":1971},{"bookingid":1964},{"bookingid":2307},{"bookingid":482},{"bookingid":15},{"bookingid":2030},{"bookingid":1385},{"bookingid":405},{"bookingid":1292},{"bookingid":2358},{"bookingid":1658},{"bookingid":556},{"bookingid":1448},{"bookingid":603},{"bookingid":578},{"bookingid":1258},{"bookingid":2448},{"bookingid":888},{"bookingid":638},{"bookingid":522},{"bookingid":2202},{"bookingid":1135},{"bookingid":176},{"bookingid":2142},{"bookingid":380},{"bookingid":128},{"bookingid":2031},{"bookingid":2069},{"bookingid":103},{"bookingid":1799},{"bookingid":1915},{"bookingid":771},{"bookingid":1893},{"bookingid":2257},{"bookingid":2594},{"bookingid":1913},{"bookingid":2563},{"bookingid":1924},{"bookingid":2324},{"bookingid":1841},{"bookingid":1720},{"bookingid":1245},{"bookingid":358},{"bookingid":1119},{"bookingid":2574},{"bookingid":1555},{"bookingid":395},{"bookingid":1848},{"bookingid":389},{"bookingid":864},{"bookingid":2545},{"bookingid":1541},{"bookingid":2266},{"bookingid":221},{"bookingid":1043},{"bookingid":882},{"bookingid":1523},{"bookingid":1498},{"bookingid":855},{"bookingid":1188},{"bookingid":1330},{"bookingid":486},{"bookingid":1670},{"bookingid":1808},{"bookingid":101},{"bookingid":2538},{"bookingid":2440},{"bookingid":690},{"bookingid":797},{"bookingid":324},{"bookingid":1549},{"bookingid":337},{"bookingid":1445},{"bookingid":1115},{"bookingid":1314},{"bookingid":1307},{"bookingid":582},{"bookingid":243},{"bookingid":1801},{"bookingid":1901},{"bookingid":2067},{"bookingid":2634},{"bookingid":1031},{"bookingid":740},{"bookingid":866},{"bookingid":2503},{"bookingid":1322},{"bookingid":1898},{"bookingid":2395},{"bookingid":1729},{"bookingid":134},{"bookingid":130},{"bookingid":1845},{"bookingid":1815},{"bookingid":1399},{"bookingid":1925},{"bookingid":1784},{"bookingid":901},{"bookingid":650},{"bookingid":2370},{"bookingid":2145},{"bookingid":2417},{"bookingid":1259},{"bookingid":47},{"bookingid":1374},{"bookingid":1144},{"bookingid":2644},{"bookingid":1138},{"bookingid":2248},{"bookingid":1772},{"bookingid":759},{"bookingid":1775},{"bookingid":2561},{"bookingid":2113},{"bookingid":2126},{"bookingid":2278},{"bookingid":295},{"bookingid":1363},{"bookingid":445},{"bookingid":215},{"bookingid":1444},{"bookingid":1574},{"bookingid":2073},{"bookingid":2079},{"bookingid":969},{"bookingid":1224},{"bookingid":1219},{"bookingid":1397},{"bookingid":2171},{"bookingid":2186},{"bookingid":2110},{"bookingid":795},{"bookingid":437},{"bookingid":81},{"bookingid":1291},{"bookingid":228},{"bookingid":50},{"bookingid":611},{"bookingid":2085},{"bookingid":478},{"bookingid":2076},{"bookingid":36},{"bookingid":2413},{"bookingid":1402},{"bookingid":1676},{"bookingid":2342},{"bookingid":2175},{"bookingid":1131},{"bookingid":657},{"bookingid":774},{"bookingid":11},{"bookingid":1344},{"bookingid":1592},{"bookingid":1265},{"bookingid":2527},{"bookingid":86},{"bookingid":1166},{"bookingid":2523},{"bookingid":2003},{"bookingid":2700},{"bookingid":1009},{"bookingid":2279},{"bookingid":787},{"bookingid":590},{"bookingid":2727},{"bookingid":584},{"bookingid":2691},{"bookingid":724},{"bookingid":1041},{"bookingid":1695},{"bookingid":257},{"bookingid":1126},{"bookingid":1897},{"bookingid":1256},{"bookingid":1361},{"bookingid":726},{"bookingid":207},{"bookingid":2567},{"bookingid":938},{"bookingid":517},{"bookingid":2016},{"bookingid":1345},{"bookingid":2463},{"bookingid":2640},{"bookingid":507},{"bookingid":443},{"bookingid":353},{"bookingid":2720},{"bookingid":1576},{"bookingid":1378},{"bookingid":1068},{"bookingid":2284},{"bookingid":911},{"bookingid":2271},{"bookingid":1714},{"bookingid":1513},{"bookingid":1058},{"bookingid":17},{"bookingid":132},{"bookingid":2224},{"bookingid":2394},{"bookingid":300},{"bookingid":1410},{"bookingid":1437},{"bookingid":235},{"bookingid":2593},{"bookingid":2214},{"bookingid":1636},{"bookingid":870},{"bookingid":828},{"bookingid":2006},{"bookingid":247},{"bookingid":2614},{"bookingid":285},{"bookingid":1160},{"bookingid":529},{"bookingid":1340},{"bookingid":1199},{"bookingid":399},{"bookingid":1812},{"bookingid":741},{"bookingid":2124},{"bookingid":1794},{"bookingid":1383},{"bookingid":2582},{"bookingid":1194},{"bookingid":2368},{"bookingid":1830},{"bookingid":1121},{"bookingid":1594},{"bookingid":27},{"bookingid":376},{"bookingid":1216},{"bookingid":1585},{"bookingid":2097},{"bookingid":1524},{"bookingid":846},{"bookingid":1526},{"bookingid":594},{"bookingid":1091},{"bookingid":1981},{"bookingid":1628},{"bookingid":1538},{"bookingid":33},{"bookingid":370},{"bookingid":1759},{"bookingid":1976},{"bookingid":2010},{"bookingid":1417},{"bookingid":1146},{"bookingid":108},{"bookingid":833},{"bookingid":329},{"bookingid":895},{"bookingid":630},{"bookingid":841},{"bookingid":2713},{"bookingid":110},{"bookingid":397},{"bookingid":1627},{"bookingid":984},{"bookingid":417},{"bookingid":373},{"bookingid":1110},{"bookingid":8},{"bookingid":2054},{"bookingid":218},{"bookingid":386},{"bookingid":1081},{"bookingid":915},{"bookingid":208},{"bookingid":1505},{"bookingid":4},{"bookingid":406},{"bookingid":1601},{"bookingid":2451},{"bookingid":2374},{"bookingid":1566},{"bookingid":899},{"bookingid":2623},{"bookingid":2059},{"bookingid":2100},{"bookingid":2158},{"bookingid":224},{"bookingid":1589},{"bookingid":1095},{"bookingid":845},{"bookingid":1460},{"bookingid":2505},{"bookingid":1859},{"bookingid":1182},{"bookingid":2263},{"bookingid":817},{"bookingid":491},{"bookingid":1369},{"bookingid":1319},{"bookingid":1954},{"bookingid":576},{"bookingid":74},{"bookingid":2220},{"bookingid":2114},{"bookingid":2384},{"bookingid":2406},{"bookingid":34},{"bookingid":2256},{"bookingid":26},{"bookingid":1892},{"bookingid":1685},{"bookingid":2534},{"bookingid":1435},{"bookingid":1803},{"bookingid":876},{"bookingid":912},{"bookingid":692},{"bookingid":2094},{"bookingid":2137},{"bookingid":908},{"bookingid":1480},{"bookingid":229},{"bookingid":2578},{"bookingid":645},{"bookingid":1608},{"bookingid":1147},{"bookingid":147},{"bookingid":2661},{"bookingid":2058},{"bookingid":2458},{"bookingid":498},{"bookingid":2498},{"bookingid":698},{"bookingid":2258},{"bookingid":1214},{"bookingid":1556},{"bookingid":1733},{"bookingid":1641},{"bookingid":1113},{"bookingid":2061},{"bookingid":269},{"bookingid":1643},{"bookingid":360},{"bookingid":539},{"bookingid":199},{"bookingid":2011},{"bookingid":2173},{"bookingid":851},{"bookingid":474},{"bookingid":1672},{"bookingid":1966},{"bookingid":189},{"bookingid":1870},{"bookingid":595},{"bookingid":1082},{"bookingid":885},{"bookingid":710},{"bookingid":2227},{"bookingid":1990},{"bookingid":2521},{"bookingid":524},{"bookingid":1093},{"bookingid":1204},{"bookingid":1297},{"bookingid":212},{"bookingid":2181},{"bookingid":653},{"bookingid":2081},{"bookingid":2064},{"bookingid":641},{"bookingid":2646},{"bookingid":2025},{"bookingid":2570},{"bookingid":2412},{"bookingid":2601},{"bookingid":943},{"bookingid":2189},{"bookingid":2673},{"bookingid":1308},{"bookingid":55},{"bookingid":167},{"bookingid":2162},{"bookingid":588},{"bookingid":2233},{"bookingid":1829},{"bookingid":1997},{"bookingid":2092},{"bookingid":2223},{"bookingid":824},{"bookingid":1776},{"bookingid":1874},{"bookingid":1464},{"bookingid":728},{"bookingid":2602},{"bookingid":452},{"bookingid":2666},{"bookingid":1648},{"bookingid":2438},{"bookingid":1617},{"bookingid":937},{"bookingid":2653},{"bookingid":250},{"bookingid":75},{"bookingid":1477},{"bookingid":805},{"bookingid":886},{"bookingid":185},{"bookingid":2024},{"bookingid":2556},{"bookingid":2057},{"bookingid":143},{"bookingid":727},{"bookingid":2326},{"bookingid":1797},{"bookingid":1391},{"bookingid":1709},{"bookingid":1886},{"bookingid":458},{"bookingid":587},{"bookingid":2241},{"bookingid":1442},{"bookingid":2332},{"bookingid":2728},{"bookingid":344},{"bookingid":1125},{"bookingid":1222},{"bookingid":53},{"bookingid":2408},{"bookingid":830},{"bookingid":1375},{"bookingid":1631},{"bookingid":384},{"bookingid":1625},{"bookingid":822},{"bookingid":798},{"bookingid":995},{"bookingid":809},{"bookingid":782}]</msg>
<arg>${response.text}</arg>
<doc>Logs the given message with the given level.</doc>
<status status="PASS" start="2024-06-14T19:47:05.526693" elapsed="0.000000"/>
</kw>
<kw name="Should Be True" owner="BuiltIn">
<arg>${response.ok}</arg>
<doc>Fails if the given condition is not true.</doc>
<status status="PASS" start="2024-06-14T19:47:05.526693" elapsed="0.000000"/>
</kw>
<kw name="Should Be Equal As Strings" owner="BuiltIn">
<msg time="2024-06-14T19:47:05.526693" level="INFO">Argument types are:
&lt;class 'int'&gt;
&lt;class 'str'&gt;</msg>
<msg time="2024-06-14T19:47:05.526693" level="FAIL">200 != 400</msg>
<arg>${response.status_code}</arg>
<arg>400</arg>
<doc>Fails if objects are unequal after converting them to strings.</doc>
<status status="FAIL" start="2024-06-14T19:47:05.526693" elapsed="0.000000">200 != 400</status>
</kw>
<status status="FAIL" start="2024-06-14T19:47:04.714020" elapsed="0.828560">200 != 400</status>
</test>
<status status="FAIL" start="2024-06-14T19:47:03.364410" elapsed="2.179170"/>
</suite>
<statistics>
<total>
<stat pass="1" fail="1" skip="0">All Tests</stat>
</total>
<tag>
</tag>
<suite>
<stat pass="1" fail="1" skip="0" id="s1" name="Basico">Basico</stat>
</suite>
</statistics>
<errors>
</errors>
</robot>
